  [1m[35m (457.5ms)[0m  [1m[35mCREATE DATABASE "cats_development" ENCODING = 'unicode'[0m
  ↳ bin/rails:9
  [1m[35m (263.7ms)[0m  [1m[35mCREATE DATABASE "cats_test" ENCODING = 'unicode'[0m
  ↳ bin/rails:9
Started GET "/" for 127.0.0.1 at 2018-11-13 11:49:15 -0800
Processing by Rails::WelcomeController#index as HTML
  Rendering /usr/local/var/rbenv/versions/2.5.0/lib/ruby/gems/2.5.0/gems/railties-5.2.1/lib/rails/templates/rails/welcome/index.html.erb
  Rendered /usr/local/var/rbenv/versions/2.5.0/lib/ruby/gems/2.5.0/gems/railties-5.2.1/lib/rails/templates/rails/welcome/index.html.erb (28.6ms)
Completed 200 OK in 140ms (Views: 103.5ms | ActiveRecord: 0.0ms)


  [1m[35m (181.9ms)[0m  [1m[35mCREATE TABLE "schema_migrations" ("version" character varying NOT NULL PRIMARY KEY)[0m
  ↳ bin/rails:9
  [1m[35m (23.3ms)[0m  [1m[35mCREATE TABLE "ar_internal_metadata" ("key" character varying NOT NULL PRIMARY KEY, "value" character varying, "created_at" timestamp NOT NULL, "updated_at" timestamp NOT NULL)[0m
  ↳ bin/rails:9
  [1m[35m (4.7ms)[0m  [1m[34mSELECT pg_try_advisory_lock(782232805093510260)[0m
  ↳ bin/rails:9
  [1m[35m (8.3ms)[0m  [1m[34mSELECT "schema_migrations"."version" FROM "schema_migrations" ORDER BY "schema_migrations"."version" ASC[0m
  ↳ bin/rails:9
Migrating to CreateCats (20181113195000)
  [1m[35m (0.3ms)[0m  [1m[35mBEGIN[0m
  ↳ bin/rails:9
  [1m[35m (40.5ms)[0m  [1m[35mCREATE TABLE "cats" ("id" bigserial primary key, "birth_date" date NOT NULL, "color" character varying NOT NULL, "name" character varying NOT NULL, "sex" character varying NOT NULL, "description" text, "created_at" timestamp NOT NULL, "updated_at" timestamp NOT NULL)[0m
  ↳ db/migrate/20181113195000_create_cats.rb:3
  [1m[35m (2.2ms)[0m  [1m[35mCREATE  INDEX  "index_cats_on_name" ON "cats"  ("name")[0m
  ↳ db/migrate/20181113195000_create_cats.rb:11
  [1m[36mActiveRecord::SchemaMigration Create (0.8ms)[0m  [1m[32mINSERT INTO "schema_migrations" ("version") VALUES ($1) RETURNING "version"[0m  [["version", "20181113195000"]]
  ↳ bin/rails:9
  [1m[35m (0.7ms)[0m  [1m[35mCOMMIT[0m
  ↳ bin/rails:9
  [1m[36mActiveRecord::InternalMetadata Load (19.5ms)[0m  [1m[34mSELECT  "ar_internal_metadata".* FROM "ar_internal_metadata" WHERE "ar_internal_metadata"."key" = $1 LIMIT $2[0m  [["key", "environment"], ["LIMIT", 1]]
  ↳ bin/rails:9
  [1m[35m (0.3ms)[0m  [1m[35mBEGIN[0m
  ↳ bin/rails:9
  [1m[36mActiveRecord::InternalMetadata Create (0.8ms)[0m  [1m[32mINSERT INTO "ar_internal_metadata" ("key", "value", "created_at", "updated_at") VALUES ($1, $2, $3, $4) RETURNING "key"[0m  [["key", "environment"], ["value", "development"], ["created_at", "2018-11-13 20:10:55.832197"], ["updated_at", "2018-11-13 20:10:55.832197"]]
  ↳ bin/rails:9
  [1m[35m (0.4ms)[0m  [1m[35mCOMMIT[0m
  ↳ bin/rails:9
  [1m[35m (0.3ms)[0m  [1m[34mSELECT pg_advisory_unlock(782232805093510260)[0m
  ↳ bin/rails:9
  [1m[35m (0.6ms)[0m  [1m[34mSELECT "schema_migrations"."version" FROM "schema_migrations" ORDER BY "schema_migrations"."version" ASC[0m
  ↳ bin/rails:9
  [1m[35m (1.8ms)[0m  [1m[34mSELECT "schema_migrations"."version" FROM "schema_migrations" ORDER BY "schema_migrations"."version" ASC[0m
  ↳ bin/rails:9
  [1m[35m (1.4ms)[0m  [1m[34mSELECT "schema_migrations"."version" FROM "schema_migrations" ORDER BY "schema_migrations"."version" ASC[0m
  ↳ bin/rails:9
  [1m[36mCat Load (22.8ms)[0m  [1m[34mSELECT "cats".* FROM "cats"[0m
  ↳ db/seeds.rb:8
  [1m[35m (0.3ms)[0m  [1m[35mBEGIN[0m
  ↳ db/seeds.rb:11
  [1m[36mCat Create (1.4ms)[0m  [1m[32mINSERT INTO "cats" ("birth_date", "color", "name", "sex", "created_at", "updated_at") VALUES ($1, $2, $3, $4, $5, $6) RETURNING "id"[0m  [["birth_date", "2015-01-20"], ["color", "white"], ["name", "Maggie"], ["sex", "F"], ["created_at", "2018-11-13 20:15:25.655068"], ["updated_at", "2018-11-13 20:15:25.655068"]]
  ↳ db/seeds.rb:11
  [1m[35m (0.5ms)[0m  [1m[35mCOMMIT[0m
  ↳ db/seeds.rb:11
  [1m[36mCat Load (8.2ms)[0m  [1m[34mSELECT "cats".* FROM "cats"[0m
  [1m[36mCat Load (0.7ms)[0m  [1m[34mSELECT  "cats".* FROM "cats" ORDER BY "cats"."id" ASC LIMIT $1[0m  [["LIMIT", 1]]
  [1m[36mCat Load (0.7ms)[0m  [1m[34mSELECT  "cats".* FROM "cats" ORDER BY "cats"."id" ASC LIMIT $1[0m  [["LIMIT", 1]]
  [1m[36mCat Load (0.5ms)[0m  [1m[34mSELECT  "cats".* FROM "cats" ORDER BY "cats"."id" ASC LIMIT $1[0m  [["LIMIT", 1]]
Started GET "/cats" for 127.0.0.1 at 2018-11-13 13:41:39 -0800
  [1m[35m (1.7ms)[0m  [1m[34mSELECT "schema_migrations"."version" FROM "schema_migrations" ORDER BY "schema_migrations"."version" ASC[0m
  ↳ /usr/local/var/rbenv/versions/2.5.0/lib/ruby/gems/2.5.0/gems/activerecord-5.2.1/lib/active_record/log_subscriber.rb:98
Processing by CatsController#index as HTML
  Rendering cats/index.html.erb within layouts/application
  [1m[36mCat Load (1.2ms)[0m  [1m[34mSELECT "cats".* FROM "cats"[0m
  ↳ app/views/cats/index.html.erb:4
  Rendered cats/index.html.erb within layouts/application (30.6ms)
Completed 200 OK in 757ms (Views: 693.5ms | ActiveRecord: 11.7ms)


Started GET "/cat_url(cat)" for 127.0.0.1 at 2018-11-13 13:42:06 -0800
  
ActionController::RoutingError (No route matches [GET] "/cat_url(cat)"):
  
actionpack (5.2.1) lib/action_dispatch/middleware/debug_exceptions.rb:65:in `call'
web-console (3.7.0) lib/web_console/middleware.rb:135:in `call_app'
web-console (3.7.0) lib/web_console/middleware.rb:30:in `block in call'
web-console (3.7.0) lib/web_console/middleware.rb:20:in `catch'
web-console (3.7.0) lib/web_console/middleware.rb:20:in `call'
actionpack (5.2.1) lib/action_dispatch/middleware/show_exceptions.rb:33:in `call'
railties (5.2.1) lib/rails/rack/logger.rb:38:in `call_app'
railties (5.2.1) lib/rails/rack/logger.rb:26:in `block in call'
activesupport (5.2.1) lib/active_support/tagged_logging.rb:71:in `block in tagged'
activesupport (5.2.1) lib/active_support/tagged_logging.rb:28:in `tagged'
activesupport (5.2.1) lib/active_support/tagged_logging.rb:71:in `tagged'
railties (5.2.1) lib/rails/rack/logger.rb:26:in `call'
sprockets-rails (3.2.1) lib/sprockets/rails/quiet_assets.rb:13:in `call'
actionpack (5.2.1) lib/action_dispatch/middleware/remote_ip.rb:81:in `call'
actionpack (5.2.1) lib/action_dispatch/middleware/request_id.rb:27:in `call'
rack (2.0.6) lib/rack/method_override.rb:22:in `call'
rack (2.0.6) lib/rack/runtime.rb:22:in `call'
activesupport (5.2.1) lib/active_support/cache/strategy/local_cache_middleware.rb:29:in `call'
actionpack (5.2.1) lib/action_dispatch/middleware/executor.rb:14:in `call'
actionpack (5.2.1) lib/action_dispatch/middleware/static.rb:127:in `call'
rack (2.0.6) lib/rack/sendfile.rb:111:in `call'
railties (5.2.1) lib/rails/engine.rb:524:in `call'
puma (3.12.0) lib/puma/configuration.rb:225:in `call'
puma (3.12.0) lib/puma/server.rb:658:in `handle_request'
puma (3.12.0) lib/puma/server.rb:472:in `process_client'
puma (3.12.0) lib/puma/server.rb:332:in `block in run'
puma (3.12.0) lib/puma/thread_pool.rb:133:in `block in spawn_thread'
Started GET "/cats" for 127.0.0.1 at 2018-11-13 13:45:29 -0800
Processing by CatsController#index as HTML
  Rendering cats/index.html.erb within layouts/application
  [1m[36mCat Load (1.5ms)[0m  [1m[34mSELECT "cats".* FROM "cats"[0m
  ↳ app/views/cats/index.html.erb:4
  Rendered cats/index.html.erb within layouts/application (37.0ms)
Completed 200 OK in 79ms (Views: 56.8ms | ActiveRecord: 16.8ms)


Started GET "/cats/1" for 127.0.0.1 at 2018-11-13 13:45:31 -0800
Processing by CatsController#show as HTML
  Parameters: {"id"=>"1"}
  [1m[36mCat Load (0.6ms)[0m  [1m[34mSELECT  "cats".* FROM "cats" WHERE "cats"."id" = $1 LIMIT $2[0m  [["id", 1], ["LIMIT", 1]]
  ↳ app/controllers/cats_controller.rb:9
  Rendering cats/show.html.erb within layouts/application
  Rendered cats/show.html.erb within layouts/application (0.6ms)
Completed 200 OK in 86ms (Views: 35.0ms | ActiveRecord: 0.9ms)


Started GET "/cats/1" for 127.0.0.1 at 2018-11-13 13:47:08 -0800
Processing by CatsController#show as HTML
  Parameters: {"id"=>"1"}
  [1m[36mCat Load (0.8ms)[0m  [1m[34mSELECT  "cats".* FROM "cats" WHERE "cats"."id" = $1 LIMIT $2[0m  [["id", 1], ["LIMIT", 1]]
  ↳ app/controllers/cats_controller.rb:9
  Rendering cats/show.html.erb within layouts/application
  Rendered cats/show.html.erb within layouts/application (0.8ms)
Completed 200 OK in 41ms (Views: 38.6ms | ActiveRecord: 0.8ms)


Started GET "/cats/1" for 127.0.0.1 at 2018-11-13 13:47:28 -0800
Processing by CatsController#show as HTML
  Parameters: {"id"=>"1"}
  [1m[36mCat Load (0.8ms)[0m  [1m[34mSELECT  "cats".* FROM "cats" WHERE "cats"."id" = $1 LIMIT $2[0m  [["id", 1], ["LIMIT", 1]]
  ↳ app/controllers/cats_controller.rb:9
  Rendering cats/show.html.erb within layouts/application
  Rendered cats/show.html.erb within layouts/application (1.7ms)
Completed 200 OK in 52ms (Views: 49.1ms | ActiveRecord: 0.8ms)


Started GET "/cats/1" for 127.0.0.1 at 2018-11-13 13:49:19 -0800
Processing by CatsController#show as HTML
  Parameters: {"id"=>"1"}
  [1m[36mCat Load (0.5ms)[0m  [1m[34mSELECT  "cats".* FROM "cats" WHERE "cats"."id" = $1 LIMIT $2[0m  [["id", 1], ["LIMIT", 1]]
  ↳ app/controllers/cats_controller.rb:9
  Rendering cats/show.html.erb within layouts/application
  Rendered cats/show.html.erb within layouts/application (14.7ms)
Completed 200 OK in 97ms (Views: 94.7ms | ActiveRecord: 0.5ms)


Started GET "/cats/1" for 127.0.0.1 at 2018-11-13 13:51:32 -0800
Processing by CatsController#show as HTML
  Parameters: {"id"=>"1"}
  [1m[36mCat Load (0.6ms)[0m  [1m[34mSELECT  "cats".* FROM "cats" WHERE "cats"."id" = $1 LIMIT $2[0m  [["id", 1], ["LIMIT", 1]]
  ↳ app/controllers/cats_controller.rb:9
  Rendering cats/show.html.erb within layouts/application
  Rendered cats/show.html.erb within layouts/application (1.5ms)
Completed 200 OK in 198ms (Views: 194.8ms | ActiveRecord: 0.6ms)


Started GET "/cats/1" for 127.0.0.1 at 2018-11-13 13:53:53 -0800
Processing by CatsController#show as HTML
  Parameters: {"id"=>"1"}
  [1m[36mCat Load (0.7ms)[0m  [1m[34mSELECT  "cats".* FROM "cats" WHERE "cats"."id" = $1 LIMIT $2[0m  [["id", 1], ["LIMIT", 1]]
  ↳ app/controllers/cats_controller.rb:9
  Rendering cats/show.html.erb within layouts/application
  Rendered cats/show.html.erb within layouts/application (1.7ms)
Completed 200 OK in 45ms (Views: 41.8ms | ActiveRecord: 0.7ms)


Started GET "/cats/new" for 127.0.0.1 at 2018-11-13 14:05:20 -0800
Processing by CatsController#new as HTML
  Rendering cats/new.html.erb within layouts/application
  Rendered cats/new.html.erb within layouts/application (0.7ms)
Completed 200 OK in 207ms (Views: 142.7ms | ActiveRecord: 14.4ms)


Started GET "/cats/new" for 127.0.0.1 at 2018-11-13 14:05:47 -0800
Processing by CatsController#new as HTML
  Rendering cats/new.html.erb within layouts/application
  Rendered cats/new.html.erb within layouts/application (0.7ms)
Completed 200 OK in 47ms (Views: 45.8ms | ActiveRecord: 0.0ms)


Started GET "/cats/new" for 127.0.0.1 at 2018-11-13 14:06:19 -0800
Processing by CatsController#new as HTML
  Rendering cats/new.html.erb within layouts/application
  Rendered cats/new.html.erb within layouts/application (0.9ms)
Completed 200 OK in 42ms (Views: 40.4ms | ActiveRecord: 0.0ms)


Started GET "/cats/new" for 127.0.0.1 at 2018-11-13 14:06:34 -0800
Processing by CatsController#new as HTML
  Rendering cats/new.html.erb within layouts/application
  Rendered cats/new.html.erb within layouts/application (1.1ms)
Completed 200 OK in 42ms (Views: 40.9ms | ActiveRecord: 0.0ms)


Started GET "/cats/new" for 127.0.0.1 at 2018-11-13 14:06:59 -0800
Processing by CatsController#new as HTML
  Rendering cats/new.html.erb within layouts/application
  Rendered cats/new.html.erb within layouts/application (0.9ms)
Completed 200 OK in 37ms (Views: 36.5ms | ActiveRecord: 0.0ms)


Started GET "/cats/new" for 127.0.0.1 at 2018-11-13 14:09:25 -0800
Processing by CatsController#new as HTML
  Rendering cats/new.html.erb within layouts/application
  Rendered cats/new.html.erb within layouts/application (1.1ms)
Completed 200 OK in 157ms (Views: 155.4ms | ActiveRecord: 0.0ms)


Started GET "/cats/new" for 127.0.0.1 at 2018-11-13 14:09:32 -0800
Processing by CatsController#new as HTML
  Rendering cats/new.html.erb within layouts/application
  Rendered cats/new.html.erb within layouts/application (1.2ms)
Completed 200 OK in 43ms (Views: 42.2ms | ActiveRecord: 0.0ms)


Started GET "/cats/new" for 127.0.0.1 at 2018-11-13 14:09:36 -0800
Processing by CatsController#new as HTML
  Rendering cats/new.html.erb within layouts/application
  Rendered cats/new.html.erb within layouts/application (0.9ms)
Completed 200 OK in 41ms (Views: 40.2ms | ActiveRecord: 0.0ms)


Started GET "/cats/new" for 127.0.0.1 at 2018-11-13 14:09:37 -0800
Processing by CatsController#new as HTML
  Rendering cats/new.html.erb within layouts/application
  Rendered cats/new.html.erb within layouts/application (0.9ms)
Completed 200 OK in 52ms (Views: 51.0ms | ActiveRecord: 0.0ms)


Started GET "/cats/new" for 127.0.0.1 at 2018-11-13 14:10:45 -0800
Processing by CatsController#new as HTML
  Rendering cats/new.html.erb within layouts/application
  Rendered cats/new.html.erb within layouts/application (1.0ms)
Completed 200 OK in 102ms (Views: 100.6ms | ActiveRecord: 0.0ms)


Started GET "/cats/new" for 127.0.0.1 at 2018-11-13 14:10:52 -0800
Processing by CatsController#new as HTML
  Rendering cats/new.html.erb within layouts/application
  Rendered cats/new.html.erb within layouts/application (1.3ms)
Completed 200 OK in 45ms (Views: 44.2ms | ActiveRecord: 0.0ms)


Started GET "/cats/new" for 127.0.0.1 at 2018-11-13 14:13:59 -0800
Processing by CatsController#new as HTML
  Rendering cats/new.html.erb within layouts/application
  Rendered cats/new.html.erb within layouts/application (0.9ms)
Completed 200 OK in 173ms (Views: 172.4ms | ActiveRecord: 0.0ms)


Started GET "/cats/new" for 127.0.0.1 at 2018-11-13 14:13:59 -0800
Processing by CatsController#new as HTML
  Rendering cats/new.html.erb within layouts/application
  Rendered cats/new.html.erb within layouts/application (1.0ms)
Completed 200 OK in 38ms (Views: 37.5ms | ActiveRecord: 0.0ms)


Started GET "/cats/new" for 127.0.0.1 at 2018-11-13 14:16:08 -0800
Processing by CatsController#new as HTML
  Rendering cats/new.html.erb within layouts/application
  Rendered cats/new.html.erb within layouts/application (0.8ms)
Completed 200 OK in 39ms (Views: 38.6ms | ActiveRecord: 0.0ms)


Started GET "/cats/new" for 127.0.0.1 at 2018-11-13 14:16:28 -0800
Processing by CatsController#new as HTML
  Rendering cats/new.html.erb within layouts/application
  Rendered cats/new.html.erb within layouts/application (1.3ms)
Completed 200 OK in 45ms (Views: 44.2ms | ActiveRecord: 0.0ms)


Started GET "/cats/new" for 127.0.0.1 at 2018-11-13 14:17:04 -0800
Processing by CatsController#new as HTML
  Rendering cats/new.html.erb within layouts/application
  Rendered cats/new.html.erb within layouts/application (1.5ms)
Completed 200 OK in 54ms (Views: 53.3ms | ActiveRecord: 0.0ms)


Started GET "/cats/new" for 127.0.0.1 at 2018-11-13 14:19:12 -0800
Processing by CatsController#new as HTML
  Rendering cats/new.html.erb within layouts/application
  Rendered cats/new.html.erb within layouts/application (1.0ms)
Completed 200 OK in 96ms (Views: 94.4ms | ActiveRecord: 0.0ms)


Started GET "/cats/new" for 127.0.0.1 at 2018-11-13 14:20:29 -0800
Processing by CatsController#new as HTML
  Rendering cats/new.html.erb within layouts/application
  Rendered cats/new.html.erb within layouts/application (0.8ms)
Completed 200 OK in 148ms (Views: 147.2ms | ActiveRecord: 0.0ms)


Started GET "/cats/new" for 127.0.0.1 at 2018-11-13 14:21:10 -0800
Processing by CatsController#new as HTML
  Rendering cats/new.html.erb within layouts/application
  Rendered cats/new.html.erb within layouts/application (1.5ms)
Completed 200 OK in 58ms (Views: 56.9ms | ActiveRecord: 0.0ms)


Started GET "/cats/new" for 127.0.0.1 at 2018-11-13 14:21:11 -0800
Processing by CatsController#new as HTML
  Rendering cats/new.html.erb within layouts/application
  Rendered cats/new.html.erb within layouts/application (1.1ms)
Completed 200 OK in 37ms (Views: 35.8ms | ActiveRecord: 0.0ms)


Started GET "/cats/new" for 127.0.0.1 at 2018-11-13 14:21:20 -0800
Processing by CatsController#new as HTML
  Rendering cats/new.html.erb within layouts/application
  Rendered cats/new.html.erb within layouts/application (0.9ms)
Completed 200 OK in 55ms (Views: 54.5ms | ActiveRecord: 0.0ms)


Started GET "/cats/new" for 127.0.0.1 at 2018-11-13 14:21:29 -0800
Processing by CatsController#new as HTML
  Rendering cats/new.html.erb within layouts/application
  Rendered cats/new.html.erb within layouts/application (1.4ms)
Completed 200 OK in 53ms (Views: 52.1ms | ActiveRecord: 0.0ms)


Started GET "/cats/new" for 127.0.0.1 at 2018-11-13 14:21:51 -0800
Processing by CatsController#new as HTML
  Rendering cats/new.html.erb within layouts/application
  Rendered cats/new.html.erb within layouts/application (1.0ms)
Completed 200 OK in 41ms (Views: 40.2ms | ActiveRecord: 0.0ms)


Started GET "/cats/new" for 127.0.0.1 at 2018-11-13 14:22:23 -0800
Processing by CatsController#new as HTML
  Rendering cats/new.html.erb within layouts/application
  Rendered cats/new.html.erb within layouts/application (1.1ms)
Completed 200 OK in 40ms (Views: 38.3ms | ActiveRecord: 0.0ms)


Started GET "/cats/new" for 127.0.0.1 at 2018-11-13 14:22:26 -0800
Processing by CatsController#new as HTML
  Rendering cats/new.html.erb within layouts/application
  Rendered cats/new.html.erb within layouts/application (1.0ms)
Completed 200 OK in 41ms (Views: 39.9ms | ActiveRecord: 0.0ms)


Started GET "/cats/new" for 127.0.0.1 at 2018-11-13 14:22:42 -0800
Processing by CatsController#new as HTML
  Rendering cats/new.html.erb within layouts/application
  Rendered cats/new.html.erb within layouts/application (0.9ms)
Completed 200 OK in 106ms (Views: 105.1ms | ActiveRecord: 0.0ms)


Started GET "/cats/new" for 127.0.0.1 at 2018-11-13 14:24:22 -0800
Processing by CatsController#new as HTML
  Rendering cats/new.html.erb within layouts/application
  Rendered cats/new.html.erb within layouts/application (82.8ms)
Completed 500 Internal Server Error in 96ms (ActiveRecord: 0.0ms)



NameError - uninitialized constant ActionView::CompiledTemplates::COLORS:
  app/views/cats/new.html.erb:15:in `_app_views_cats_new_html_erb__268814409577595623_70310880520980'
  app/controllers/cats_controller.rb:27:in `new'

Started POST "/__better_errors/838df7750c4cf12e/variables" for 127.0.0.1 at 2018-11-13 14:24:22 -0800
Started POST "/__better_errors/838df7750c4cf12e/eval" for 127.0.0.1 at 2018-11-13 14:24:30 -0800
Started GET "/cats/new" for 127.0.0.1 at 2018-11-13 14:24:44 -0800
Processing by CatsController#new as HTML
  Rendering cats/new.html.erb within layouts/application
  Rendered cats/new.html.erb within layouts/application (1.7ms)
Completed 200 OK in 174ms (Views: 172.7ms | ActiveRecord: 0.0ms)


Started GET "/cats/new" for 127.0.0.1 at 2018-11-13 14:25:22 -0800
Processing by CatsController#new as HTML
  Rendering cats/new.html.erb within layouts/application
  Rendered cats/new.html.erb within layouts/application (1.0ms)
Completed 200 OK in 94ms (Views: 31.4ms | ActiveRecord: 11.7ms)


Started GET "/cats/new" for 127.0.0.1 at 2018-11-13 14:25:23 -0800
Processing by CatsController#new as HTML
  Rendering cats/new.html.erb within layouts/application
  Rendered cats/new.html.erb within layouts/application (1.3ms)
Completed 200 OK in 38ms (Views: 36.7ms | ActiveRecord: 0.0ms)


Started GET "/cats/edit" for 127.0.0.1 at 2018-11-13 14:30:39 -0800
Processing by CatsController#show as HTML
  Parameters: {"id"=>"edit"}
  [1m[36mCat Load (1.5ms)[0m  [1m[34mSELECT  "cats".* FROM "cats" WHERE "cats"."id" = $1 LIMIT $2[0m  [["id", 0], ["LIMIT", 1]]
  ↳ app/controllers/cats_controller.rb:9
Completed 404 Not Found in 44ms (ActiveRecord: 11.4ms)



ActiveRecord::RecordNotFound - Couldn't find Cat with 'id'=edit:
  app/controllers/cats_controller.rb:9:in `show'

Started POST "/__better_errors/46352b5859c7bb46/variables" for 127.0.0.1 at 2018-11-13 14:30:40 -0800
Started GET "/cats/1/edit" for 127.0.0.1 at 2018-11-13 14:30:46 -0800
Processing by CatsController#edit as HTML
  Parameters: {"id"=>"1"}
  [1m[36mCat Load (1.3ms)[0m  [1m[34mSELECT  "cats".* FROM "cats" WHERE "cats"."id" = $1 LIMIT $2[0m  [["id", 1], ["LIMIT", 1]]
  ↳ app/controllers/cats_controller.rb:40
  Rendering cats/edit.html.erb within layouts/application
  Rendered cats/edit.html.erb within layouts/application (2.5ms)
Completed 200 OK in 215ms (Views: 179.4ms | ActiveRecord: 1.3ms)


Started GET "/cats/1/edit" for 127.0.0.1 at 2018-11-13 14:31:54 -0800
Processing by CatsController#edit as HTML
  Parameters: {"id"=>"1"}
  [1m[36mCat Load (0.7ms)[0m  [1m[34mSELECT  "cats".* FROM "cats" WHERE "cats"."id" = $1 LIMIT $2[0m  [["id", 1], ["LIMIT", 1]]
  ↳ app/controllers/cats_controller.rb:40
  Rendering cats/edit.html.erb within layouts/application
  Rendered cats/edit.html.erb within layouts/application (2.0ms)
Completed 200 OK in 74ms (Views: 68.9ms | ActiveRecord: 0.7ms)


Started GET "/cats/1/edit" for 127.0.0.1 at 2018-11-13 14:35:51 -0800
Processing by CatsController#edit as HTML
  Parameters: {"id"=>"1"}
  [1m[36mCat Load (0.5ms)[0m  [1m[34mSELECT  "cats".* FROM "cats" WHERE "cats"."id" = $1 LIMIT $2[0m  [["id", 1], ["LIMIT", 1]]
  ↳ app/controllers/cats_controller.rb:40
  Rendering cats/edit.html.erb within layouts/application
  Rendered cats/edit.html.erb within layouts/application (1.7ms)
Completed 500 Internal Server Error in 12ms (ActiveRecord: 0.5ms)



SyntaxError - syntax error, unexpected keyword_end
...eze;@output_buffer.append=( end );@output_buffer.safe_append...
...                            ^~~
/Users/appacademy/Desktop/W4D2/cats/app/views/cats/edit.html.erb:69: syntax error, unexpected keyword_ensure, expecting ')'
          ensure
          ^~~~~~
/Users/appacademy/Desktop/W4D2/cats/app/views/cats/edit.html.erb:71: syntax error, unexpected keyword_end, expecting ')'
          end
          ^~~:
  app/views/cats/edit.html.erb:50:in `'
  app/controllers/cats_controller.rb:41:in `edit'

Started POST "/__better_errors/6de21b02bc97a930/variables" for 127.0.0.1 at 2018-11-13 14:35:51 -0800
Started GET "/cats/1/edit" for 127.0.0.1 at 2018-11-13 14:36:03 -0800
Processing by CatsController#edit as HTML
  Parameters: {"id"=>"1"}
  [1m[36mCat Load (0.8ms)[0m  [1m[34mSELECT  "cats".* FROM "cats" WHERE "cats"."id" = $1 LIMIT $2[0m  [["id", 1], ["LIMIT", 1]]
  ↳ app/controllers/cats_controller.rb:40
  Rendering cats/edit.html.erb within layouts/application
  Rendered cats/edit.html.erb within layouts/application (1.2ms)
Completed 200 OK in 82ms (Views: 79.2ms | ActiveRecord: 0.8ms)


Started GET "/cats/1/edit" for 127.0.0.1 at 2018-11-13 14:36:55 -0800
Processing by CatsController#edit as HTML
  Parameters: {"id"=>"1"}
  [1m[36mCat Load (0.7ms)[0m  [1m[34mSELECT  "cats".* FROM "cats" WHERE "cats"."id" = $1 LIMIT $2[0m  [["id", 1], ["LIMIT", 1]]
  ↳ app/controllers/cats_controller.rb:40
  Rendering cats/edit.html.erb within layouts/application
  Rendered cats/edit.html.erb within layouts/application (1.5ms)
Completed 200 OK in 39ms (Views: 36.4ms | ActiveRecord: 0.7ms)


Started GET "/cats/1/edit" for 127.0.0.1 at 2018-11-13 14:39:14 -0800
Processing by CatsController#edit as HTML
  Parameters: {"id"=>"1"}
  [1m[36mCat Load (0.4ms)[0m  [1m[34mSELECT  "cats".* FROM "cats" WHERE "cats"."id" = $1 LIMIT $2[0m  [["id", 1], ["LIMIT", 1]]
  ↳ app/controllers/cats_controller.rb:40
  Rendering cats/edit.html.erb within layouts/application
  Rendered cats/edit.html.erb within layouts/application (1.4ms)
Completed 200 OK in 84ms (Views: 82.2ms | ActiveRecord: 0.4ms)


Started GET "/cats/1/edit" for 127.0.0.1 at 2018-11-13 14:39:15 -0800
Processing by CatsController#edit as HTML
  Parameters: {"id"=>"1"}
  [1m[36mCat Load (0.4ms)[0m  [1m[34mSELECT  "cats".* FROM "cats" WHERE "cats"."id" = $1 LIMIT $2[0m  [["id", 1], ["LIMIT", 1]]
  ↳ app/controllers/cats_controller.rb:40
  Rendering cats/edit.html.erb within layouts/application
  Rendered cats/edit.html.erb within layouts/application (1.5ms)
Completed 200 OK in 36ms (Views: 34.0ms | ActiveRecord: 0.4ms)


Started GET "/cats/1/edit" for 127.0.0.1 at 2018-11-13 14:39:30 -0800
Processing by CatsController#edit as HTML
  Parameters: {"id"=>"1"}
  [1m[36mCat Load (0.5ms)[0m  [1m[34mSELECT  "cats".* FROM "cats" WHERE "cats"."id" = $1 LIMIT $2[0m  [["id", 1], ["LIMIT", 1]]
  ↳ app/controllers/cats_controller.rb:40
  Rendering cats/edit.html.erb within layouts/application
  Rendered cats/edit.html.erb within layouts/application (1.6ms)
Completed 200 OK in 43ms (Views: 40.9ms | ActiveRecord: 0.5ms)


Started GET "/cats/1/edit" for 127.0.0.1 at 2018-11-13 14:39:31 -0800
Processing by CatsController#edit as HTML
  Parameters: {"id"=>"1"}
  [1m[36mCat Load (0.4ms)[0m  [1m[34mSELECT  "cats".* FROM "cats" WHERE "cats"."id" = $1 LIMIT $2[0m  [["id", 1], ["LIMIT", 1]]
  ↳ app/controllers/cats_controller.rb:40
  Rendering cats/edit.html.erb within layouts/application
  Rendered cats/edit.html.erb within layouts/application (1.5ms)
Completed 200 OK in 34ms (Views: 32.3ms | ActiveRecord: 0.4ms)


Started GET "/cats/1/edit" for 127.0.0.1 at 2018-11-13 14:39:31 -0800
Processing by CatsController#edit as HTML
  Parameters: {"id"=>"1"}
  [1m[36mCat Load (0.3ms)[0m  [1m[34mSELECT  "cats".* FROM "cats" WHERE "cats"."id" = $1 LIMIT $2[0m  [["id", 1], ["LIMIT", 1]]
  ↳ app/controllers/cats_controller.rb:40
  Rendering cats/edit.html.erb within layouts/application
  Rendered cats/edit.html.erb within layouts/application (1.6ms)
Completed 200 OK in 41ms (Views: 39.8ms | ActiveRecord: 0.3ms)


Started GET "/cats/1/edit" for 127.0.0.1 at 2018-11-13 14:39:31 -0800
Processing by CatsController#edit as HTML
  Parameters: {"id"=>"1"}
  [1m[36mCat Load (0.4ms)[0m  [1m[34mSELECT  "cats".* FROM "cats" WHERE "cats"."id" = $1 LIMIT $2[0m  [["id", 1], ["LIMIT", 1]]
  ↳ app/controllers/cats_controller.rb:40
  Rendering cats/edit.html.erb within layouts/application
  Rendered cats/edit.html.erb within layouts/application (1.5ms)
Completed 200 OK in 35ms (Views: 33.2ms | ActiveRecord: 0.4ms)


Started GET "/cats/1/edit" for 127.0.0.1 at 2018-11-13 14:39:32 -0800
Processing by CatsController#edit as HTML
  Parameters: {"id"=>"1"}
  [1m[36mCat Load (0.7ms)[0m  [1m[34mSELECT  "cats".* FROM "cats" WHERE "cats"."id" = $1 LIMIT $2[0m  [["id", 1], ["LIMIT", 1]]
  ↳ app/controllers/cats_controller.rb:40
  Rendering cats/edit.html.erb within layouts/application
  Rendered cats/edit.html.erb within layouts/application (1.7ms)
Completed 200 OK in 41ms (Views: 38.0ms | ActiveRecord: 0.7ms)


Started GET "/cats/1/edit" for 127.0.0.1 at 2018-11-13 14:39:42 -0800
Processing by CatsController#edit as HTML
  Parameters: {"id"=>"1"}
  [1m[36mCat Load (0.5ms)[0m  [1m[34mSELECT  "cats".* FROM "cats" WHERE "cats"."id" = $1 LIMIT $2[0m  [["id", 1], ["LIMIT", 1]]
  ↳ app/controllers/cats_controller.rb:40
  Rendering cats/edit.html.erb within layouts/application
  Rendered cats/edit.html.erb within layouts/application (1.8ms)
Completed 200 OK in 43ms (Views: 39.6ms | ActiveRecord: 0.5ms)


  [1m[35m (1.6ms)[0m  [1m[34mSELECT "schema_migrations"."version" FROM "schema_migrations" ORDER BY "schema_migrations"."version" ASC[0m
  ↳ bin/rails:9
  [1m[36mCat Load (1.0ms)[0m  [1m[34mSELECT "cats".* FROM "cats"[0m
  ↳ db/seeds.rb:8
  [1m[35m (0.3ms)[0m  [1m[35mBEGIN[0m
  ↳ db/seeds.rb:8
  [1m[36mCat Destroy (0.8ms)[0m  [1m[31mDELETE FROM "cats" WHERE "cats"."id" = $1[0m  [["id", 1]]
  ↳ db/seeds.rb:8
  [1m[35m (12.2ms)[0m  [1m[35mCOMMIT[0m
  ↳ db/seeds.rb:8
  [1m[35m (0.2ms)[0m  [1m[35mBEGIN[0m
  ↳ db/seeds.rb:11
  [1m[36mCat Create (0.8ms)[0m  [1m[32mINSERT INTO "cats" ("birth_date", "color", "name", "sex", "created_at", "updated_at") VALUES ($1, $2, $3, $4, $5, $6) RETURNING "id"[0m  [["birth_date", "2015-01-20"], ["color", "White"], ["name", "Maggie"], ["sex", "F"], ["created_at", "2018-11-13 22:40:15.948673"], ["updated_at", "2018-11-13 22:40:15.948673"]]
  ↳ db/seeds.rb:11
  [1m[35m (0.4ms)[0m  [1m[35mCOMMIT[0m
  ↳ db/seeds.rb:11
Started GET "/cats/1/edit" for 127.0.0.1 at 2018-11-13 14:40:22 -0800
Processing by CatsController#edit as HTML
  Parameters: {"id"=>"1"}
  [1m[36mCat Load (0.4ms)[0m  [1m[34mSELECT  "cats".* FROM "cats" WHERE "cats"."id" = $1 LIMIT $2[0m  [["id", 1], ["LIMIT", 1]]
  ↳ app/controllers/cats_controller.rb:40
Completed 404 Not Found in 3ms (ActiveRecord: 0.4ms)



ActiveRecord::RecordNotFound - Couldn't find Cat with 'id'=1:
  app/controllers/cats_controller.rb:40:in `edit'

Started POST "/__better_errors/f74508b8391a3e9e/variables" for 127.0.0.1 at 2018-11-13 14:40:22 -0800
Started GET "/cats/2/edit" for 127.0.0.1 at 2018-11-13 14:40:45 -0800
Processing by CatsController#edit as HTML
  Parameters: {"id"=>"2"}
  [1m[36mCat Load (1.5ms)[0m  [1m[34mSELECT  "cats".* FROM "cats" WHERE "cats"."id" = $1 LIMIT $2[0m  [["id", 2], ["LIMIT", 1]]
  ↳ app/controllers/cats_controller.rb:40
  Rendering cats/edit.html.erb within layouts/application
  Rendered cats/edit.html.erb within layouts/application (2.2ms)
Completed 200 OK in 83ms (Views: 78.8ms | ActiveRecord: 1.5ms)


Started GET "/cats/2/edit" for 127.0.0.1 at 2018-11-13 14:41:16 -0800
Processing by CatsController#edit as HTML
  Parameters: {"id"=>"2"}
  [1m[36mCat Load (0.4ms)[0m  [1m[34mSELECT  "cats".* FROM "cats" WHERE "cats"."id" = $1 LIMIT $2[0m  [["id", 2], ["LIMIT", 1]]
  ↳ app/controllers/cats_controller.rb:40
  Rendering cats/edit.html.erb within layouts/application
  Rendered cats/edit.html.erb within layouts/application (1.8ms)
Completed 200 OK in 72ms (Views: 70.4ms | ActiveRecord: 0.4ms)


Started GET "/cats/2/edit" for 127.0.0.1 at 2018-11-13 14:41:17 -0800
Processing by CatsController#edit as HTML
  Parameters: {"id"=>"2"}
  [1m[36mCat Load (0.4ms)[0m  [1m[34mSELECT  "cats".* FROM "cats" WHERE "cats"."id" = $1 LIMIT $2[0m  [["id", 2], ["LIMIT", 1]]
  ↳ app/controllers/cats_controller.rb:40
  Rendering cats/edit.html.erb within layouts/application
  Rendered cats/edit.html.erb within layouts/application (1.5ms)
Completed 200 OK in 38ms (Views: 35.7ms | ActiveRecord: 0.4ms)


Started PATCH "/cats" for 127.0.0.1 at 2018-11-13 14:41:27 -0800
  
ActionController::RoutingError (No route matches [PATCH] "/cats"):
  
actionpack (5.2.1) lib/action_dispatch/middleware/debug_exceptions.rb:65:in `call'
web-console (3.7.0) lib/web_console/middleware.rb:135:in `call_app'
web-console (3.7.0) lib/web_console/middleware.rb:30:in `block in call'
web-console (3.7.0) lib/web_console/middleware.rb:20:in `catch'
web-console (3.7.0) lib/web_console/middleware.rb:20:in `call'
actionpack (5.2.1) lib/action_dispatch/middleware/show_exceptions.rb:33:in `call'
railties (5.2.1) lib/rails/rack/logger.rb:38:in `call_app'
railties (5.2.1) lib/rails/rack/logger.rb:26:in `block in call'
activesupport (5.2.1) lib/active_support/tagged_logging.rb:71:in `block in tagged'
activesupport (5.2.1) lib/active_support/tagged_logging.rb:28:in `tagged'
activesupport (5.2.1) lib/active_support/tagged_logging.rb:71:in `tagged'
railties (5.2.1) lib/rails/rack/logger.rb:26:in `call'
sprockets-rails (3.2.1) lib/sprockets/rails/quiet_assets.rb:13:in `call'
actionpack (5.2.1) lib/action_dispatch/middleware/remote_ip.rb:81:in `call'
actionpack (5.2.1) lib/action_dispatch/middleware/request_id.rb:27:in `call'
rack (2.0.6) lib/rack/method_override.rb:22:in `call'
rack (2.0.6) lib/rack/runtime.rb:22:in `call'
activesupport (5.2.1) lib/active_support/cache/strategy/local_cache_middleware.rb:29:in `call'
actionpack (5.2.1) lib/action_dispatch/middleware/executor.rb:14:in `call'
actionpack (5.2.1) lib/action_dispatch/middleware/static.rb:127:in `call'
rack (2.0.6) lib/rack/sendfile.rb:111:in `call'
railties (5.2.1) lib/rails/engine.rb:524:in `call'
puma (3.12.0) lib/puma/configuration.rb:225:in `call'
puma (3.12.0) lib/puma/server.rb:658:in `handle_request'
puma (3.12.0) lib/puma/server.rb:472:in `process_client'
puma (3.12.0) lib/puma/server.rb:332:in `block in run'
puma (3.12.0) lib/puma/thread_pool.rb:133:in `block in spawn_thread'
Started GET "/cats" for 127.0.0.1 at 2018-11-13 14:41:58 -0800
Processing by CatsController#index as HTML
  Rendering cats/index.html.erb within layouts/application
  [1m[36mCat Load (0.6ms)[0m  [1m[34mSELECT "cats".* FROM "cats"[0m
  ↳ app/views/cats/index.html.erb:4
  Rendered cats/index.html.erb within layouts/application (3.0ms)
Completed 200 OK in 91ms (Views: 88.9ms | ActiveRecord: 0.6ms)


Started GET "/cats/2" for 127.0.0.1 at 2018-11-13 14:42:00 -0800
Processing by CatsController#show as HTML
  Parameters: {"id"=>"2"}
  [1m[36mCat Load (0.5ms)[0m  [1m[34mSELECT  "cats".* FROM "cats" WHERE "cats"."id" = $1 LIMIT $2[0m  [["id", 2], ["LIMIT", 1]]
  ↳ app/controllers/cats_controller.rb:9
  Rendering cats/show.html.erb within layouts/application
  Rendered cats/show.html.erb within layouts/application (1.3ms)
Completed 200 OK in 44ms (Views: 39.2ms | ActiveRecord: 0.5ms)


Started GET "/cats/2/edit" for 127.0.0.1 at 2018-11-13 14:42:08 -0800
Processing by CatsController#edit as HTML
  Parameters: {"id"=>"2"}
  [1m[36mCat Load (1.1ms)[0m  [1m[34mSELECT  "cats".* FROM "cats" WHERE "cats"."id" = $1 LIMIT $2[0m  [["id", 2], ["LIMIT", 1]]
  ↳ app/controllers/cats_controller.rb:40
  Rendering cats/edit.html.erb within layouts/application
  Rendered cats/edit.html.erb within layouts/application (593.5ms)
Completed 500 Internal Server Error in 608ms (ActiveRecord: 1.1ms)



NameError - undefined local variable or method `cat' for #<#<Class:0x00007fe50bb0f840>:0x00007fe50b906210>
Did you mean?  @cat:
  app/views/cats/edit.html.erb:3:in `_app_views_cats_edit_html_erb__640156350464393987_70310880867920'
  app/controllers/cats_controller.rb:41:in `edit'

Started POST "/__better_errors/88d81bca9991a5fc/variables" for 127.0.0.1 at 2018-11-13 14:42:09 -0800
Started GET "/cats/2/edit" for 127.0.0.1 at 2018-11-13 14:42:17 -0800
Processing by CatsController#edit as HTML
  Parameters: {"id"=>"2"}
  [1m[36mCat Load (0.4ms)[0m  [1m[34mSELECT  "cats".* FROM "cats" WHERE "cats"."id" = $1 LIMIT $2[0m  [["id", 2], ["LIMIT", 1]]
  ↳ app/controllers/cats_controller.rb:40
  Rendering cats/edit.html.erb within layouts/application
  Rendered cats/edit.html.erb within layouts/application (1.5ms)
Completed 200 OK in 73ms (Views: 70.8ms | ActiveRecord: 0.4ms)


Started PATCH "/cats/2" for 127.0.0.1 at 2018-11-13 14:42:26 -0800
Processing by CatsController#update as HTML
  Parameters: {"cat"=>{"name"=>"Maggie", "color"=>"Blue", "birth_date"=>"2015-01-20", "description"=>"My cat"}, "sex"=>"F", "id"=>"2"}
Can't verify CSRF token authenticity.
Completed 422 Unprocessable Entity in 1ms (ActiveRecord: 0.0ms)



ActionController::InvalidAuthenticityToken - ActionController::InvalidAuthenticityToken:

Started POST "/__better_errors/3719cd497d3b3490/variables" for 127.0.0.1 at 2018-11-13 14:42:26 -0800
Started GET "/cats/new" for 127.0.0.1 at 2018-11-13 14:48:59 -0800
Processing by CatsController#new as HTML
  Rendering cats/new.html.erb within layouts/application
  Rendered cats/new.html.erb within layouts/application (5.9ms)
Completed 200 OK in 222ms (Views: 212.6ms | ActiveRecord: 0.0ms)


Started GET "/cats/new" for 127.0.0.1 at 2018-11-13 14:49:23 -0800
Processing by CatsController#new as HTML
  Rendering cats/new.html.erb within layouts/application
  Rendered cats/new.html.erb within layouts/application (1.3ms)
Completed 200 OK in 110ms (Views: 108.7ms | ActiveRecord: 0.0ms)


Started GET "/cats/new" for 127.0.0.1 at 2018-11-13 14:49:52 -0800
Processing by CatsController#new as HTML
  Rendering cats/new.html.erb within layouts/application
  Rendered cats/new.html.erb within layouts/application (2.8ms)
Completed 200 OK in 125ms (Views: 123.4ms | ActiveRecord: 0.0ms)


Started POST "/cats" for 127.0.0.1 at 2018-11-13 14:50:08 -0800
Processing by CatsController#create as HTML
  Parameters: {"cat"=>{"name"=>"bob", "color"=>"Brown", "birth_date"=>"2018-10-29", "description"=>"My cat"}, "sex"=>"M"}
Can't verify CSRF token authenticity.
Completed 422 Unprocessable Entity in 4ms (ActiveRecord: 0.0ms)



ActionController::InvalidAuthenticityToken - ActionController::InvalidAuthenticityToken:

Started POST "/__better_errors/74939aacfe4d5009/variables" for 127.0.0.1 at 2018-11-13 14:50:08 -0800
Started POST "/cats" for 127.0.0.1 at 2018-11-13 14:52:05 -0800
Processing by CatsController#create as HTML
  Parameters: {"cat"=>{"name"=>"bob", "color"=>"Brown", "birth_date"=>"2018-10-29", "description"=>"My cat"}, "sex"=>"M"}
Can't verify CSRF token authenticity.
Completed 422 Unprocessable Entity in 3ms (ActiveRecord: 0.0ms)



ActionController::InvalidAuthenticityToken - ActionController::InvalidAuthenticityToken:

Started POST "/__better_errors/9942bfb2b2ece174/variables" for 127.0.0.1 at 2018-11-13 14:52:05 -0800
Started GET "/cats" for 127.0.0.1 at 2018-11-13 14:52:07 -0800
Processing by CatsController#index as HTML
  Rendering cats/index.html.erb within layouts/application
  [1m[36mCat Load (2.1ms)[0m  [1m[34mSELECT "cats".* FROM "cats"[0m
  ↳ app/views/cats/index.html.erb:4
  Rendered cats/index.html.erb within layouts/application (5.9ms)
Completed 200 OK in 167ms (Views: 164.1ms | ActiveRecord: 2.1ms)


Started GET "/cats/new" for 127.0.0.1 at 2018-11-13 14:52:14 -0800
Processing by CatsController#new as HTML
  Rendering cats/new.html.erb within layouts/application
  Rendered cats/new.html.erb within layouts/application (1.1ms)
Completed 200 OK in 44ms (Views: 43.4ms | ActiveRecord: 0.0ms)


Started POST "/cats" for 127.0.0.1 at 2018-11-13 14:52:24 -0800
Processing by CatsController#create as HTML
  Parameters: {"cat"=>{"name"=>"Bob", "color"=>"White", "birth_date"=>"2018-10-29", "description"=>"My cat"}, "sex"=>"M"}
Can't verify CSRF token authenticity.
Completed 422 Unprocessable Entity in 2ms (ActiveRecord: 0.0ms)



ActionController::InvalidAuthenticityToken - ActionController::InvalidAuthenticityToken:

Started POST "/__better_errors/a7c27339a52c39d8/variables" for 127.0.0.1 at 2018-11-13 14:52:24 -0800
Started POST "/cats" for 127.0.0.1 at 2018-11-13 14:52:58 -0800
  [1m[35m (20.4ms)[0m  [1m[34mSELECT "schema_migrations"."version" FROM "schema_migrations" ORDER BY "schema_migrations"."version" ASC[0m
  ↳ /usr/local/var/rbenv/versions/2.5.0/lib/ruby/gems/2.5.0/gems/activerecord-5.2.1/lib/active_record/log_subscriber.rb:98
Processing by CatsController#create as HTML
  Parameters: {"cat"=>{"name"=>"Bob", "color"=>"White", "birth_date"=>"2018-10-30", "description"=>"My cat"}, "sex"=>"M"}
  [1m[35m (0.3ms)[0m  [1m[35mBEGIN[0m
  ↳ app/controllers/cats_controller.rb:16
  [1m[35m (0.4ms)[0m  [1m[31mROLLBACK[0m
  ↳ app/controllers/cats_controller.rb:16
  Rendering cats/new.html.erb within layouts/application
  Rendered cats/new.html.erb within layouts/application (2.2ms)
Completed 200 OK in 602ms (Views: 459.5ms | ActiveRecord: 13.2ms)


Started GET "/cats/new" for 127.0.0.1 at 2018-11-13 14:54:33 -0800
Started GET "/cats/new" for 127.0.0.1 at 2018-11-13 14:54:43 -0800
Processing by CatsController#new as HTML
  Rendering cats/new.html.erb within layouts/application
  Rendered cats/new.html.erb within layouts/application (1.1ms)
Completed 200 OK in 69ms (Views: 31.7ms | ActiveRecord: 16.7ms)


Processing by CatsController#new as HTML
  Rendering cats/new.html.erb within layouts/application
  Rendered cats/new.html.erb within layouts/application (0.3ms)
Completed 200 OK in 57ms (Views: 29.8ms | ActiveRecord: 8.6ms)


Started POST "/cats" for 127.0.0.1 at 2018-11-13 14:55:14 -0800
Processing by CatsController#create as HTML
  Parameters: {"cat"=>{"name"=>"bob", "color"=>"White", "birth_date"=>"2018-11-06", "description"=>"my cat"}, "sex"=>"M"}
  [1m[35m (0.5ms)[0m  [1m[35mBEGIN[0m
  ↳ (byebug):1
  [1m[35m (0.4ms)[0m  [1m[31mROLLBACK[0m
  ↳ (byebug):1
  [1m[35m (0.4ms)[0m  [1m[35mBEGIN[0m
  ↳ app/controllers/cats_controller.rb:16
  [1m[35m (0.4ms)[0m  [1m[31mROLLBACK[0m
  ↳ app/controllers/cats_controller.rb:16
  Rendering cats/new.html.erb within layouts/application
  Rendered cats/new.html.erb within layouts/application (1.1ms)
Completed 200 OK in 118310ms (Views: 150.7ms | ActiveRecord: 1.7ms)


Started POST "/cats" for 127.0.0.1 at 2018-11-13 14:57:27 -0800
Processing by CatsController#create as HTML
  Parameters: {"cat"=>{"name"=>"bob", "color"=>"Black", "birth_date"=>"2018-10-30", "sex"=>"M", "description"=>"my cat"}}
  [1m[35m (1.3ms)[0m  [1m[35mBEGIN[0m
  ↳ (byebug):1
  [1m[36mCat Create (11.9ms)[0m  [1m[32mINSERT INTO "cats" ("birth_date", "color", "name", "sex", "description", "created_at", "updated_at") VALUES ($1, $2, $3, $4, $5, $6, $7) RETURNING "id"[0m  [["birth_date", "2018-10-30"], ["color", "Black"], ["name", "bob"], ["sex", "M"], ["description", "my cat"], ["created_at", "2018-11-13 22:57:35.023896"], ["updated_at", "2018-11-13 22:57:35.023896"]]
  ↳ (byebug):1
  [1m[35m (11.3ms)[0m  [1m[35mCOMMIT[0m
  ↳ (byebug):1
  [1m[35m (0.3ms)[0m  [1m[35mBEGIN[0m
  ↳ app/controllers/cats_controller.rb:16
  [1m[35m (0.3ms)[0m  [1m[35mCOMMIT[0m
  ↳ app/controllers/cats_controller.rb:16
Redirected to http://localhost:3000/cats/3
Completed 302 Found in 14140ms (ActiveRecord: 25.1ms)


Started GET "/cats/3" for 127.0.0.1 at 2018-11-13 14:57:41 -0800
Processing by CatsController#show as HTML
  Parameters: {"id"=>"3"}
  [1m[36mCat Load (2.3ms)[0m  [1m[34mSELECT  "cats".* FROM "cats" WHERE "cats"."id" = $1 LIMIT $2[0m  [["id", 3], ["LIMIT", 1]]
  ↳ app/controllers/cats_controller.rb:9
  Rendering cats/show.html.erb within layouts/application
  Rendered cats/show.html.erb within layouts/application (1.5ms)
Completed 200 OK in 135ms (Views: 95.5ms | ActiveRecord: 2.8ms)


Started GET "/cats/" for 127.0.0.1 at 2018-11-13 14:58:23 -0800
Processing by CatsController#index as HTML
  Rendering cats/index.html.erb within layouts/application
  [1m[36mCat Load (0.8ms)[0m  [1m[34mSELECT "cats".* FROM "cats"[0m
  ↳ app/views/cats/index.html.erb:4
  Rendered cats/index.html.erb within layouts/application (4.5ms)
Completed 200 OK in 61ms (Views: 58.8ms | ActiveRecord: 0.8ms)


Started GET "/cats/3/edit" for 127.0.0.1 at 2018-11-13 14:58:32 -0800
Processing by CatsController#edit as HTML
  Parameters: {"id"=>"3"}
  [1m[36mCat Load (0.8ms)[0m  [1m[34mSELECT  "cats".* FROM "cats" WHERE "cats"."id" = $1 LIMIT $2[0m  [["id", 3], ["LIMIT", 1]]
  ↳ app/controllers/cats_controller.rb:40
  Rendering cats/edit.html.erb within layouts/application
  Rendered cats/edit.html.erb within layouts/application (1.7ms)
Completed 200 OK in 91ms (Views: 87.7ms | ActiveRecord: 0.8ms)


Started PATCH "/cats/3" for 127.0.0.1 at 2018-11-13 14:58:36 -0800
Processing by CatsController#update as HTML
  Parameters: {"cat"=>{"name"=>"Bob", "color"=>"Black", "birth_date"=>"2018-10-30", "sex"=>"M", "description"=>"my cat"}, "id"=>"3"}
  [1m[36mCat Load (0.8ms)[0m  [1m[34mSELECT  "cats".* FROM "cats" WHERE "cats"."id" = $1 LIMIT $2[0m  [["id", 3], ["LIMIT", 1]]
  ↳ app/controllers/cats_controller.rb:31
  [1m[35m (0.3ms)[0m  [1m[35mBEGIN[0m
  ↳ app/controllers/cats_controller.rb:32
  [1m[36mCat Update (0.8ms)[0m  [1m[33mUPDATE "cats" SET "name" = $1, "updated_at" = $2 WHERE "cats"."id" = $3[0m  [["name", "Bob"], ["updated_at", "2018-11-13 22:58:36.378891"], ["id", 3]]
  ↳ app/controllers/cats_controller.rb:32
  [1m[35m (0.4ms)[0m  [1m[35mCOMMIT[0m
  ↳ app/controllers/cats_controller.rb:32
Redirected to http://localhost:3000/cats/3
Completed 302 Found in 23ms (ActiveRecord: 2.2ms)


Started GET "/cats/3" for 127.0.0.1 at 2018-11-13 14:58:36 -0800
Processing by CatsController#show as HTML
  Parameters: {"id"=>"3"}
  [1m[36mCat Load (0.8ms)[0m  [1m[34mSELECT  "cats".* FROM "cats" WHERE "cats"."id" = $1 LIMIT $2[0m  [["id", 3], ["LIMIT", 1]]
  ↳ app/controllers/cats_controller.rb:9
  Rendering cats/show.html.erb within layouts/application
  Rendered cats/show.html.erb within layouts/application (1.1ms)
Completed 200 OK in 80ms (Views: 77.1ms | ActiveRecord: 0.8ms)


Started GET "/cats" for 127.0.0.1 at 2018-11-13 14:58:39 -0800
Processing by CatsController#index as HTML
  Rendering cats/index.html.erb within layouts/application
  [1m[36mCat Load (0.8ms)[0m  [1m[34mSELECT "cats".* FROM "cats"[0m
  ↳ app/views/cats/index.html.erb:4
  Rendered cats/index.html.erb within layouts/application (4.1ms)
Completed 200 OK in 46ms (Views: 44.6ms | ActiveRecord: 0.8ms)


Started GET "/cats/2" for 127.0.0.1 at 2018-11-13 14:58:41 -0800
Processing by CatsController#show as HTML
  Parameters: {"id"=>"2"}
  [1m[36mCat Load (0.7ms)[0m  [1m[34mSELECT  "cats".* FROM "cats" WHERE "cats"."id" = $1 LIMIT $2[0m  [["id", 2], ["LIMIT", 1]]
  ↳ app/controllers/cats_controller.rb:9
  Rendering cats/show.html.erb within layouts/application
  Rendered cats/show.html.erb within layouts/application (1.3ms)
Completed 200 OK in 47ms (Views: 43.8ms | ActiveRecord: 0.7ms)


Started GET "/cats/" for 127.0.0.1 at 2018-11-13 15:00:29 -0800
Processing by CatsController#index as HTML
  Rendering cats/index.html.erb within layouts/application
  [1m[36mCat Load (0.7ms)[0m  [1m[34mSELECT "cats".* FROM "cats"[0m
  ↳ app/views/cats/index.html.erb:4
  Rendered cats/index.html.erb within layouts/application (3.1ms)
Completed 200 OK in 141ms (Views: 139.3ms | ActiveRecord: 0.7ms)


Started GET "/cats/2" for 127.0.0.1 at 2018-11-13 15:00:31 -0800
Processing by CatsController#show as HTML
  Parameters: {"id"=>"2"}
  [1m[36mCat Load (0.9ms)[0m  [1m[34mSELECT  "cats".* FROM "cats" WHERE "cats"."id" = $1 LIMIT $2[0m  [["id", 2], ["LIMIT", 1]]
  ↳ app/controllers/cats_controller.rb:9
  Rendering cats/show.html.erb within layouts/application
  Rendered cats/show.html.erb within layouts/application (326.2ms)
Completed 500 Internal Server Error in 339ms (ActiveRecord: 0.9ms)



NoMethodError - undefined method `edit_cat' for #<#<Class:0x00007feb9a3bf9b0>:0x00007feb994094a8>
Did you mean?  edit_cat_url:
  app/views/cats/show.html.erb:3:in `_app_views_cats_show_html_erb__2588990428681389121_70324932591780'
  app/controllers/cats_controller.rb:10:in `show'

Started POST "/__better_errors/de23c93db5edb86c/variables" for 127.0.0.1 at 2018-11-13 15:00:31 -0800
Started GET "/cats/" for 127.0.0.1 at 2018-11-13 15:00:40 -0800
Processing by CatsController#index as HTML
  Rendering cats/index.html.erb within layouts/application
  [1m[36mCat Load (0.6ms)[0m  [1m[34mSELECT "cats".* FROM "cats"[0m
  ↳ app/views/cats/index.html.erb:4
  Rendered cats/index.html.erb within layouts/application (5.4ms)
Completed 200 OK in 67ms (Views: 64.2ms | ActiveRecord: 0.6ms)


Started GET "/cats/2" for 127.0.0.1 at 2018-11-13 15:00:42 -0800
Processing by CatsController#show as HTML
  Parameters: {"id"=>"2"}
  [1m[36mCat Load (1.6ms)[0m  [1m[34mSELECT  "cats".* FROM "cats" WHERE "cats"."id" = $1 LIMIT $2[0m  [["id", 2], ["LIMIT", 1]]
  ↳ app/controllers/cats_controller.rb:9
  Rendering cats/show.html.erb within layouts/application
  Rendered cats/show.html.erb within layouts/application (1.9ms)
Completed 200 OK in 59ms (Views: 55.6ms | ActiveRecord: 1.6ms)


Started GET "/cats/2" for 127.0.0.1 at 2018-11-13 15:00:43 -0800
Processing by CatsController#show as HTML
  Parameters: {"id"=>"2"}
  [1m[36mCat Load (0.6ms)[0m  [1m[34mSELECT  "cats".* FROM "cats" WHERE "cats"."id" = $1 LIMIT $2[0m  [["id", 2], ["LIMIT", 1]]
  ↳ app/controllers/cats_controller.rb:9
  Rendering cats/show.html.erb within layouts/application
  Rendered cats/show.html.erb within layouts/application (2.3ms)
Completed 200 OK in 59ms (Views: 55.8ms | ActiveRecord: 0.6ms)


Started GET "/cats/2" for 127.0.0.1 at 2018-11-13 15:00:44 -0800
Processing by CatsController#show as HTML
  Parameters: {"id"=>"2"}
  [1m[36mCat Load (0.6ms)[0m  [1m[34mSELECT  "cats".* FROM "cats" WHERE "cats"."id" = $1 LIMIT $2[0m  [["id", 2], ["LIMIT", 1]]
  ↳ app/controllers/cats_controller.rb:9
  Rendering cats/show.html.erb within layouts/application
  Rendered cats/show.html.erb within layouts/application (2.4ms)
Completed 200 OK in 66ms (Views: 63.1ms | ActiveRecord: 0.6ms)


Started GET "/cats/2" for 127.0.0.1 at 2018-11-13 15:00:46 -0800
Processing by CatsController#show as HTML
  Parameters: {"id"=>"2"}
  [1m[36mCat Load (1.1ms)[0m  [1m[34mSELECT  "cats".* FROM "cats" WHERE "cats"."id" = $1 LIMIT $2[0m  [["id", 2], ["LIMIT", 1]]
  ↳ app/controllers/cats_controller.rb:9
  Rendering cats/show.html.erb within layouts/application
  Rendered cats/show.html.erb within layouts/application (1.5ms)
Completed 200 OK in 46ms (Views: 41.5ms | ActiveRecord: 1.1ms)


Started GET "/cats/2" for 127.0.0.1 at 2018-11-13 15:01:40 -0800
Processing by CatsController#show as HTML
  Parameters: {"id"=>"2"}
  [1m[36mCat Load (0.4ms)[0m  [1m[34mSELECT  "cats".* FROM "cats" WHERE "cats"."id" = $1 LIMIT $2[0m  [["id", 2], ["LIMIT", 1]]
  ↳ app/controllers/cats_controller.rb:9
  Rendering cats/show.html.erb within layouts/application
  Rendered cats/show.html.erb within layouts/application (1.7ms)
Completed 200 OK in 84ms (Views: 82.2ms | ActiveRecord: 0.4ms)


Started GET "/cats/2" for 127.0.0.1 at 2018-11-13 15:01:41 -0800
Processing by CatsController#show as HTML
  Parameters: {"id"=>"2"}
  [1m[36mCat Load (0.5ms)[0m  [1m[34mSELECT  "cats".* FROM "cats" WHERE "cats"."id" = $1 LIMIT $2[0m  [["id", 2], ["LIMIT", 1]]
  ↳ app/controllers/cats_controller.rb:9
  Rendering cats/show.html.erb within layouts/application
  Rendered cats/show.html.erb within layouts/application (2.7ms)
Completed 200 OK in 44ms (Views: 41.7ms | ActiveRecord: 0.5ms)


Started GET "/cats/2" for 127.0.0.1 at 2018-11-13 15:01:41 -0800
Processing by CatsController#show as HTML
  Parameters: {"id"=>"2"}
  [1m[36mCat Load (0.9ms)[0m  [1m[34mSELECT  "cats".* FROM "cats" WHERE "cats"."id" = $1 LIMIT $2[0m  [["id", 2], ["LIMIT", 1]]
  ↳ app/controllers/cats_controller.rb:9
  Rendering cats/show.html.erb within layouts/application
  Rendered cats/show.html.erb within layouts/application (1.4ms)
Completed 200 OK in 43ms (Views: 40.0ms | ActiveRecord: 0.9ms)


Started GET "/cats/2" for 127.0.0.1 at 2018-11-13 15:01:42 -0800
Processing by CatsController#show as HTML
  Parameters: {"id"=>"2"}
  [1m[36mCat Load (0.6ms)[0m  [1m[34mSELECT  "cats".* FROM "cats" WHERE "cats"."id" = $1 LIMIT $2[0m  [["id", 2], ["LIMIT", 1]]
  ↳ app/controllers/cats_controller.rb:9
  Rendering cats/show.html.erb within layouts/application
  Rendered cats/show.html.erb within layouts/application (1.8ms)
Completed 200 OK in 55ms (Views: 52.8ms | ActiveRecord: 0.6ms)


Started GET "/cats/2" for 127.0.0.1 at 2018-11-13 15:03:25 -0800
Processing by CatsController#show as HTML
  Parameters: {"id"=>"2"}
  [1m[36mCat Load (0.4ms)[0m  [1m[34mSELECT  "cats".* FROM "cats" WHERE "cats"."id" = $1 LIMIT $2[0m  [["id", 2], ["LIMIT", 1]]
  ↳ app/controllers/cats_controller.rb:9
  Rendering cats/show.html.erb within layouts/application
  Rendered cats/show.html.erb within layouts/application (1.8ms)
Completed 500 Internal Server Error in 16ms (ActiveRecord: 0.4ms)



SyntaxError - no .<digit> floating literal anymore; put 0 before dot
...e;@output_buffer.append=( @cat.3color );@output_buffer.safe_...
...                              ^
/Users/appacademy/Desktop/W4D2/cats/app/views/cats/show.html.erb:18: syntax error, unexpected tINTEGER, expecting '('
...;@output_buffer.append=( @cat.3color );@output_buffer.safe_a...
...                               ^:
  app/views/cats/show.html.erb:18:in `'
  app/controllers/cats_controller.rb:10:in `show'

Started POST "/__better_errors/544577a566315285/variables" for 127.0.0.1 at 2018-11-13 15:03:25 -0800
Started GET "/cats/2" for 127.0.0.1 at 2018-11-13 15:03:29 -0800
Processing by CatsController#show as HTML
  Parameters: {"id"=>"2"}
  [1m[36mCat Load (0.6ms)[0m  [1m[34mSELECT  "cats".* FROM "cats" WHERE "cats"."id" = $1 LIMIT $2[0m  [["id", 2], ["LIMIT", 1]]
  ↳ app/controllers/cats_controller.rb:9
  Rendering cats/show.html.erb within layouts/application
  Rendered cats/show.html.erb within layouts/application (2.1ms)
Completed 500 Internal Server Error in 15ms (ActiveRecord: 0.6ms)



SyntaxError - no .<digit> floating literal anymore; put 0 before dot
...e;@output_buffer.append=( @cat.3color );@output_buffer.safe_...
...                              ^
/Users/appacademy/Desktop/W4D2/cats/app/views/cats/show.html.erb:18: syntax error, unexpected tINTEGER, expecting '('
...;@output_buffer.append=( @cat.3color );@output_buffer.safe_a...
...                               ^:
  app/views/cats/show.html.erb:18:in `'
  app/controllers/cats_controller.rb:10:in `show'

Started POST "/__better_errors/43fba6a2040b5e20/variables" for 127.0.0.1 at 2018-11-13 15:03:29 -0800
Started GET "/cats/2" for 127.0.0.1 at 2018-11-13 15:03:39 -0800
Processing by CatsController#show as HTML
  Parameters: {"id"=>"2"}
  [1m[36mCat Load (0.6ms)[0m  [1m[34mSELECT  "cats".* FROM "cats" WHERE "cats"."id" = $1 LIMIT $2[0m  [["id", 2], ["LIMIT", 1]]
  ↳ app/controllers/cats_controller.rb:9
  Rendering cats/show.html.erb within layouts/application
  Rendered cats/show.html.erb within layouts/application (1.4ms)
Completed 200 OK in 50ms (Views: 46.7ms | ActiveRecord: 0.6ms)


Started GET "/cats/2" for 127.0.0.1 at 2018-11-13 15:03:41 -0800
Processing by CatsController#show as HTML
  Parameters: {"id"=>"2"}
  [1m[36mCat Load (0.9ms)[0m  [1m[34mSELECT  "cats".* FROM "cats" WHERE "cats"."id" = $1 LIMIT $2[0m  [["id", 2], ["LIMIT", 1]]
  ↳ app/controllers/cats_controller.rb:9
  Rendering cats/show.html.erb within layouts/application
  Rendered cats/show.html.erb within layouts/application (1.4ms)
Completed 200 OK in 42ms (Views: 38.9ms | ActiveRecord: 0.9ms)


Started GET "/cats/" for 127.0.0.1 at 2018-11-13 15:04:09 -0800
Processing by CatsController#index as HTML
  Rendering cats/index.html.erb within layouts/application
  [1m[36mCat Load (0.9ms)[0m  [1m[34mSELECT "cats".* FROM "cats"[0m
  ↳ app/views/cats/index.html.erb:4
  Rendered cats/index.html.erb within layouts/application (4.1ms)
Completed 200 OK in 45ms (Views: 43.2ms | ActiveRecord: 0.9ms)


Started GET "/cats/3" for 127.0.0.1 at 2018-11-13 15:04:11 -0800
Processing by CatsController#show as HTML
  Parameters: {"id"=>"3"}
  [1m[36mCat Load (0.7ms)[0m  [1m[34mSELECT  "cats".* FROM "cats" WHERE "cats"."id" = $1 LIMIT $2[0m  [["id", 3], ["LIMIT", 1]]
  ↳ app/controllers/cats_controller.rb:9
  Rendering cats/show.html.erb within layouts/application
  Rendered cats/show.html.erb within layouts/application (1.6ms)
Completed 200 OK in 42ms (Views: 39.0ms | ActiveRecord: 0.7ms)


Started GET "/cats/3" for 127.0.0.1 at 2018-11-13 15:04:12 -0800
Processing by CatsController#show as HTML
  Parameters: {"id"=>"3"}
  [1m[36mCat Load (0.5ms)[0m  [1m[34mSELECT  "cats".* FROM "cats" WHERE "cats"."id" = $1 LIMIT $2[0m  [["id", 3], ["LIMIT", 1]]
  ↳ app/controllers/cats_controller.rb:9
  Rendering cats/show.html.erb within layouts/application
  Rendered cats/show.html.erb within layouts/application (1.4ms)
Completed 200 OK in 41ms (Views: 38.4ms | ActiveRecord: 0.5ms)


Started GET "/cats/2" for 127.0.0.1 at 2018-11-13 15:04:20 -0800
Processing by CatsController#show as HTML
  Parameters: {"id"=>"2"}
  [1m[36mCat Load (0.6ms)[0m  [1m[34mSELECT  "cats".* FROM "cats" WHERE "cats"."id" = $1 LIMIT $2[0m  [["id", 2], ["LIMIT", 1]]
  ↳ app/controllers/cats_controller.rb:9
  Rendering cats/show.html.erb within layouts/application
  Rendered cats/show.html.erb within layouts/application (1.6ms)
Completed 200 OK in 45ms (Views: 42.2ms | ActiveRecord: 0.6ms)


Started GET "/cats/3" for 127.0.0.1 at 2018-11-13 15:04:22 -0800
Processing by CatsController#show as HTML
  Parameters: {"id"=>"3"}
  [1m[36mCat Load (0.5ms)[0m  [1m[34mSELECT  "cats".* FROM "cats" WHERE "cats"."id" = $1 LIMIT $2[0m  [["id", 3], ["LIMIT", 1]]
  ↳ app/controllers/cats_controller.rb:9
  Rendering cats/show.html.erb within layouts/application
  Rendered cats/show.html.erb within layouts/application (1.5ms)
Completed 200 OK in 44ms (Views: 41.1ms | ActiveRecord: 0.5ms)


Started GET "/cats/2" for 127.0.0.1 at 2018-11-13 15:04:33 -0800
Processing by CatsController#show as HTML
  Parameters: {"id"=>"2"}
  [1m[36mCat Load (0.9ms)[0m  [1m[34mSELECT  "cats".* FROM "cats" WHERE "cats"."id" = $1 LIMIT $2[0m  [["id", 2], ["LIMIT", 1]]
  ↳ app/controllers/cats_controller.rb:9
  Rendering cats/show.html.erb within layouts/application
  Rendered cats/show.html.erb within layouts/application (1.4ms)
Completed 200 OK in 43ms (Views: 39.3ms | ActiveRecord: 0.9ms)


Started GET "/cats/2" for 127.0.0.1 at 2018-11-13 15:05:24 -0800
Processing by CatsController#show as HTML
  Parameters: {"id"=>"2"}
  [1m[36mCat Load (0.5ms)[0m  [1m[34mSELECT  "cats".* FROM "cats" WHERE "cats"."id" = $1 LIMIT $2[0m  [["id", 2], ["LIMIT", 1]]
  ↳ app/controllers/cats_controller.rb:9
  Rendering cats/show.html.erb within layouts/application
  Rendered cats/show.html.erb within layouts/application (1.5ms)
Completed 200 OK in 278ms (Views: 275.3ms | ActiveRecord: 0.5ms)


Started GET "/cats/2" for 127.0.0.1 at 2018-11-13 15:05:25 -0800
Processing by CatsController#show as HTML
  Parameters: {"id"=>"2"}
  [1m[36mCat Load (0.4ms)[0m  [1m[34mSELECT  "cats".* FROM "cats" WHERE "cats"."id" = $1 LIMIT $2[0m  [["id", 2], ["LIMIT", 1]]
  ↳ app/controllers/cats_controller.rb:9
  Rendering cats/show.html.erb within layouts/application
  Rendered cats/show.html.erb within layouts/application (1.3ms)
Completed 200 OK in 42ms (Views: 39.8ms | ActiveRecord: 0.4ms)


Started GET "/cats/2/edit" for 127.0.0.1 at 2018-11-13 15:05:25 -0800
Processing by CatsController#edit as HTML
  Parameters: {"id"=>"2"}
  [1m[36mCat Load (0.8ms)[0m  [1m[34mSELECT  "cats".* FROM "cats" WHERE "cats"."id" = $1 LIMIT $2[0m  [["id", 2], ["LIMIT", 1]]
  ↳ app/controllers/cats_controller.rb:40
  Rendering cats/edit.html.erb within layouts/application
  Rendered cats/edit.html.erb within layouts/application (1.8ms)
Completed 200 OK in 59ms (Views: 55.6ms | ActiveRecord: 0.8ms)


Started GET "/cats/2/edit" for 127.0.0.1 at 2018-11-13 15:05:31 -0800
Processing by CatsController#edit as HTML
  Parameters: {"id"=>"2"}
  [1m[36mCat Load (0.6ms)[0m  [1m[34mSELECT  "cats".* FROM "cats" WHERE "cats"."id" = $1 LIMIT $2[0m  [["id", 2], ["LIMIT", 1]]
  ↳ app/controllers/cats_controller.rb:40
  Rendering cats/edit.html.erb within layouts/application
  Rendered cats/edit.html.erb within layouts/application (2.0ms)
Completed 200 OK in 48ms (Views: 43.6ms | ActiveRecord: 0.6ms)


Started GET "/cats/2/edit" for 127.0.0.1 at 2018-11-13 15:05:35 -0800
Processing by CatsController#edit as HTML
  Parameters: {"id"=>"2"}
  [1m[36mCat Load (0.6ms)[0m  [1m[34mSELECT  "cats".* FROM "cats" WHERE "cats"."id" = $1 LIMIT $2[0m  [["id", 2], ["LIMIT", 1]]
  ↳ app/controllers/cats_controller.rb:40
  Rendering cats/edit.html.erb within layouts/application
  Rendered cats/edit.html.erb within layouts/application (1.9ms)
Completed 200 OK in 48ms (Views: 43.0ms | ActiveRecord: 0.6ms)


Started GET "/cats/2/edit" for 127.0.0.1 at 2018-11-13 15:09:21 -0800
Processing by CatsController#edit as HTML
  Parameters: {"id"=>"2"}
  [1m[36mCat Load (2.9ms)[0m  [1m[34mSELECT  "cats".* FROM "cats" WHERE "cats"."id" = $1 LIMIT $2[0m  [["id", 2], ["LIMIT", 1]]
  ↳ app/controllers/cats_controller.rb:40
  Rendering cats/edit.html.erb within layouts/application
  Rendered cats/_form.html.erb (1046.6ms)
  Rendered cats/edit.html.erb within layouts/application (1067.8ms)
Completed 500 Internal Server Error in 1128ms (ActiveRecord: 2.9ms)



NameError - undefined local variable or method `edit' for #<#<Class:0x00007feb9a3bf9b0>:0x00007feb9f6c4048>
Did you mean?  exit:
  app/views/cats/_form.html.erb:5:in `_app_views_cats__form_html_erb__721183061916016083_70324984376440'
  app/views/cats/edit.html.erb:3:in `_app_views_cats_edit_html_erb___4587843362203494338_70324984370820'
  app/controllers/cats_controller.rb:41:in `edit'

Started POST "/__better_errors/31916d18d38bcf6f/variables" for 127.0.0.1 at 2018-11-13 15:09:23 -0800
Started GET "/cats/2/edit" for 127.0.0.1 at 2018-11-13 15:11:15 -0800
Processing by CatsController#edit as HTML
  Parameters: {"id"=>"2"}
  [1m[36mCat Load (127.5ms)[0m  [1m[34mSELECT  "cats".* FROM "cats" WHERE "cats"."id" = $1 LIMIT $2[0m  [["id", 2], ["LIMIT", 1]]
  ↳ app/controllers/cats_controller.rb:40
  Rendering cats/edit.html.erb within layouts/application
  Rendered cats/edit.html.erb within layouts/application (1806.8ms)
Completed 500 Internal Server Error in 1990ms (ActiveRecord: 127.5ms)



NameError - undefined local variable or method `edit' for #<#<Class:0x00007feb9a3bf9b0>:0x00007feb9f029148>
Did you mean?  exit:
  app/views/cats/edit.html.erb:3:in `_app_views_cats_edit_html_erb___4587843362203494338_70324980931340'
  app/controllers/cats_controller.rb:41:in `edit'

Started POST "/__better_errors/ab35356846271e24/variables" for 127.0.0.1 at 2018-11-13 15:11:18 -0800
Started GET "/cats/2/edit" for 127.0.0.1 at 2018-11-13 15:11:33 -0800
Processing by CatsController#edit as HTML
  Parameters: {"id"=>"2"}
  [1m[36mCat Load (0.6ms)[0m  [1m[34mSELECT  "cats".* FROM "cats" WHERE "cats"."id" = $1 LIMIT $2[0m  [["id", 2], ["LIMIT", 1]]
  ↳ app/controllers/cats_controller.rb:40
  Rendering cats/edit.html.erb within layouts/application
  Rendered cats/edit.html.erb within layouts/application (1146.3ms)
Completed 500 Internal Server Error in 1170ms (ActiveRecord: 0.6ms)



NameError - undefined local variable or method `edit' for #<#<Class:0x00007feb9a3bf9b0>:0x00007feb9f6ff530>
Did you mean?  exit:
  app/views/cats/edit.html.erb:3:in `_app_views_cats_edit_html_erb___4587843362203494338_70324984475940'
  app/controllers/cats_controller.rb:41:in `edit'

Started POST "/__better_errors/918008f2ce828428/variables" for 127.0.0.1 at 2018-11-13 15:11:35 -0800
Started GET "/cats" for 127.0.0.1 at 2018-11-13 15:11:45 -0800
Processing by CatsController#index as HTML
  Rendering cats/index.html.erb within layouts/application
  [1m[36mCat Load (0.9ms)[0m  [1m[34mSELECT "cats".* FROM "cats"[0m
  ↳ app/views/cats/index.html.erb:4
  Rendered cats/index.html.erb within layouts/application (165.7ms)
Completed 200 OK in 1796ms (Views: 1794.5ms | ActiveRecord: 0.9ms)


Started GET "/cats/2" for 127.0.0.1 at 2018-11-13 15:11:51 -0800
Processing by CatsController#show as HTML
  Parameters: {"id"=>"2"}
  [1m[36mCat Load (0.6ms)[0m  [1m[34mSELECT  "cats".* FROM "cats" WHERE "cats"."id" = $1 LIMIT $2[0m  [["id", 2], ["LIMIT", 1]]
  ↳ app/controllers/cats_controller.rb:9
  Rendering cats/show.html.erb within layouts/application
  Rendered cats/show.html.erb within layouts/application (5.7ms)
Completed 200 OK in 94ms (Views: 66.0ms | ActiveRecord: 0.6ms)


Started GET "/cats/2/edit" for 127.0.0.1 at 2018-11-13 15:11:52 -0800
Processing by CatsController#edit as HTML
  Parameters: {"id"=>"2"}
  [1m[36mCat Load (0.8ms)[0m  [1m[34mSELECT  "cats".* FROM "cats" WHERE "cats"."id" = $1 LIMIT $2[0m  [["id", 2], ["LIMIT", 1]]
  ↳ app/controllers/cats_controller.rb:40
  Rendering cats/edit.html.erb within layouts/application
  Rendered cats/edit.html.erb within layouts/application (1051.4ms)
Completed 500 Internal Server Error in 1064ms (ActiveRecord: 0.8ms)



NameError - undefined local variable or method `edit' for #<#<Class:0x00007feb9a3bf9b0>:0x00007feba15425d8>
Did you mean?  exit:
  app/views/cats/edit.html.erb:3:in `_app_views_cats_edit_html_erb___4587843362203494338_70324943009280'
  app/controllers/cats_controller.rb:41:in `edit'

Started POST "/__better_errors/ebdc02761a406187/variables" for 127.0.0.1 at 2018-11-13 15:11:53 -0800
Started GET "/cats" for 127.0.0.1 at 2018-11-13 15:28:29 -0800

PG::ConnectionBad - could not connect to server: No such file or directory
	Is the server running locally and accepting
	connections on Unix domain socket "/tmp/.s.PGSQL.5432"?
:

Started GET "/cats/2/edit" for 127.0.0.1 at 2018-11-13 15:28:30 -0800

PG::ConnectionBad - could not connect to server: No such file or directory
	Is the server running locally and accepting
	connections on Unix domain socket "/tmp/.s.PGSQL.5432"?
:

Started POST "/__better_errors/8fb5ad87f4ef6b83/variables" for 127.0.0.1 at 2018-11-13 15:28:32 -0800
  [1m[36mCat Load (46.8ms)[0m  [1m[34mSELECT "cats".* FROM "cats"[0m
Started GET "/cats/2/edit" for 127.0.0.1 at 2018-11-13 15:29:19 -0800
  [1m[35m (56.9ms)[0m  [1m[34mSELECT "schema_migrations"."version" FROM "schema_migrations" ORDER BY "schema_migrations"."version" ASC[0m
  ↳ /usr/local/var/rbenv/versions/2.5.0/lib/ruby/gems/2.5.0/gems/activerecord-5.2.1/lib/active_record/log_subscriber.rb:98
Processing by CatsController#edit as HTML
  Parameters: {"id"=>"2"}
  [1m[36mCat Load (10.0ms)[0m  [1m[34mSELECT  "cats".* FROM "cats" WHERE "cats"."id" = $1 LIMIT $2[0m  [["id", 2], ["LIMIT", 1]]
  ↳ app/controllers/cats_controller.rb:40
  Rendering cats/edit.html.erb within layouts/application
  Rendered cats/_form.html.erb (1.3ms)
  Rendered cats/edit.html.erb within layouts/application (5.7ms)
Completed 200 OK in 471ms (Views: 393.9ms | ActiveRecord: 17.7ms)


Started GET "/cats/2/edit" for 127.0.0.1 at 2018-11-13 15:32:34 -0800
Processing by CatsController#edit as HTML
  Parameters: {"id"=>"2"}
  [1m[36mCat Load (1.2ms)[0m  [1m[34mSELECT  "cats".* FROM "cats" WHERE "cats"."id" = $1 LIMIT $2[0m  [["id", 2], ["LIMIT", 1]]
  ↳ app/controllers/cats_controller.rb:40
  Rendering cats/edit.html.erb within layouts/application
  Rendered cats/_form.html.erb (1.5ms)
  Rendered cats/edit.html.erb within layouts/application (5.5ms)
Completed 200 OK in 101ms (Views: 98.6ms | ActiveRecord: 1.2ms)


Started GET "/cats/2/edit" for 127.0.0.1 at 2018-11-13 15:32:43 -0800
Processing by CatsController#edit as HTML
  Parameters: {"id"=>"2"}
  [1m[36mCat Load (0.7ms)[0m  [1m[34mSELECT  "cats".* FROM "cats" WHERE "cats"."id" = $1 LIMIT $2[0m  [["id", 2], ["LIMIT", 1]]
  ↳ app/controllers/cats_controller.rb:40
  Rendering cats/edit.html.erb within layouts/application
  Rendered cats/_form.html.erb (1.4ms)
  Rendered cats/edit.html.erb within layouts/application (4.4ms)
Completed 200 OK in 30ms (Views: 27.6ms | ActiveRecord: 0.7ms)


Started GET "/cats/new" for 127.0.0.1 at 2018-11-13 15:33:06 -0800
Processing by CatsController#new as HTML
  Rendering cats/new.html.erb within layouts/application
  Rendered cats/new.html.erb within layouts/application (0.7ms)
Completed 200 OK in 36ms (Views: 34.5ms | ActiveRecord: 0.0ms)


Started GET "/cats/new" for 127.0.0.1 at 2018-11-13 15:34:40 -0800
Processing by CatsController#new as HTML
  Rendering cats/new.html.erb within layouts/application
  Rendered cats/_form.html.erb (1.4ms)
  Rendered cats/new.html.erb within layouts/application (34.3ms)
Completed 200 OK in 55ms (Views: 54.0ms | ActiveRecord: 0.0ms)


Started GET "/cats/new" for 127.0.0.1 at 2018-11-13 15:35:28 -0800
Processing by CatsController#new as HTML
  Rendering cats/new.html.erb within layouts/application
  Rendered cats/_form.html.erb (1.2ms)
  Rendered cats/new.html.erb within layouts/application (4.0ms)
Completed 200 OK in 33ms (Views: 32.2ms | ActiveRecord: 0.0ms)


Started GET "/cats/new" for 127.0.0.1 at 2018-11-13 15:35:29 -0800
Processing by CatsController#new as HTML
  Rendering cats/new.html.erb within layouts/application
  Rendered cats/_form.html.erb (1.8ms)
  Rendered cats/new.html.erb within layouts/application (4.5ms)
Completed 200 OK in 33ms (Views: 32.0ms | ActiveRecord: 0.0ms)


Started GET "/cats/2/edit" for 127.0.0.1 at 2018-11-13 15:39:41 -0800
Processing by CatsController#edit as HTML
  Parameters: {"id"=>"2"}
  [1m[36mCat Load (0.8ms)[0m  [1m[34mSELECT  "cats".* FROM "cats" WHERE "cats"."id" = $1 LIMIT $2[0m  [["id", 2], ["LIMIT", 1]]
  ↳ app/controllers/cats_controller.rb:40
  Rendering cats/edit.html.erb within layouts/application
  Rendered cats/_form.html.erb (1.7ms)
  Rendered cats/edit.html.erb within layouts/application (4.3ms)
Completed 200 OK in 33ms (Views: 30.5ms | ActiveRecord: 0.8ms)


Started GET "/cats/2" for 127.0.0.1 at 2018-11-13 15:40:00 -0800
Processing by CatsController#show as HTML
  Parameters: {"id"=>"2"}
  [1m[36mCat Load (0.4ms)[0m  [1m[34mSELECT  "cats".* FROM "cats" WHERE "cats"."id" = $1 LIMIT $2[0m  [["id", 2], ["LIMIT", 1]]
  ↳ app/controllers/cats_controller.rb:9
  Rendering cats/show.html.erb within layouts/application
  Rendered cats/show.html.erb within layouts/application (17.9ms)
Completed 200 OK in 63ms (Views: 61.2ms | ActiveRecord: 0.4ms)


Started GET "/cats/3" for 127.0.0.1 at 2018-11-13 15:40:06 -0800
Processing by CatsController#show as HTML
  Parameters: {"id"=>"3"}
  [1m[36mCat Load (0.5ms)[0m  [1m[34mSELECT  "cats".* FROM "cats" WHERE "cats"."id" = $1 LIMIT $2[0m  [["id", 3], ["LIMIT", 1]]
  ↳ app/controllers/cats_controller.rb:9
  Rendering cats/show.html.erb within layouts/application
  Rendered cats/show.html.erb within layouts/application (0.8ms)
Completed 200 OK in 46ms (Views: 44.6ms | ActiveRecord: 0.5ms)


Started GET "/cats/3/edit" for 127.0.0.1 at 2018-11-13 15:40:13 -0800
Processing by CatsController#edit as HTML
  Parameters: {"id"=>"3"}
  [1m[36mCat Load (0.5ms)[0m  [1m[34mSELECT  "cats".* FROM "cats" WHERE "cats"."id" = $1 LIMIT $2[0m  [["id", 3], ["LIMIT", 1]]
  ↳ app/controllers/cats_controller.rb:40
  Rendering cats/edit.html.erb within layouts/application
  Rendered cats/_form.html.erb (1.2ms)
  Rendered cats/edit.html.erb within layouts/application (3.4ms)
Completed 200 OK in 26ms (Views: 23.6ms | ActiveRecord: 0.5ms)


Started GET "/cats" for 127.0.0.1 at 2018-11-13 15:41:25 -0800
Processing by CatsController#index as HTML
  Rendering cats/index.html.erb within layouts/application
  [1m[36mCat Load (0.6ms)[0m  [1m[34mSELECT "cats".* FROM "cats"[0m
  ↳ app/views/cats/index.html.erb:4
  Rendered cats/index.html.erb within layouts/application (2.8ms)
Completed 200 OK in 86ms (Views: 84.7ms | ActiveRecord: 0.6ms)


Started GET "/cats/2" for 127.0.0.1 at 2018-11-13 15:41:54 -0800
Processing by CatsController#show as HTML
  Parameters: {"id"=>"2"}
  [1m[36mCat Load (0.3ms)[0m  [1m[34mSELECT  "cats".* FROM "cats" WHERE "cats"."id" = $1 LIMIT $2[0m  [["id", 2], ["LIMIT", 1]]
  ↳ app/controllers/cats_controller.rb:9
  Rendering cats/show.html.erb within layouts/application
  Rendered cats/show.html.erb within layouts/application (1.3ms)
Completed 200 OK in 28ms (Views: 26.2ms | ActiveRecord: 0.3ms)


Started GET "/cats/2/edit" for 127.0.0.1 at 2018-11-13 15:41:56 -0800
Processing by CatsController#edit as HTML
  Parameters: {"id"=>"2"}
  [1m[36mCat Load (0.5ms)[0m  [1m[34mSELECT  "cats".* FROM "cats" WHERE "cats"."id" = $1 LIMIT $2[0m  [["id", 2], ["LIMIT", 1]]
  ↳ app/controllers/cats_controller.rb:40
  Rendering cats/edit.html.erb within layouts/application
  Rendered cats/_form.html.erb (1.7ms)
  Rendered cats/edit.html.erb within layouts/application (4.3ms)
Completed 200 OK in 32ms (Views: 29.4ms | ActiveRecord: 0.5ms)


Started GET "/cats" for 127.0.0.1 at 2018-11-13 15:42:06 -0800
Processing by CatsController#index as HTML
  Rendering cats/index.html.erb within layouts/application
  [1m[36mCat Load (0.5ms)[0m  [1m[34mSELECT "cats".* FROM "cats"[0m
  ↳ app/views/cats/index.html.erb:4
  Rendered cats/index.html.erb within layouts/application (1.9ms)
Completed 200 OK in 26ms (Views: 24.6ms | ActiveRecord: 0.5ms)


Started GET "/cats/2" for 127.0.0.1 at 2018-11-13 15:42:08 -0800
Processing by CatsController#show as HTML
  Parameters: {"id"=>"2"}
  [1m[36mCat Load (0.4ms)[0m  [1m[34mSELECT  "cats".* FROM "cats" WHERE "cats"."id" = $1 LIMIT $2[0m  [["id", 2], ["LIMIT", 1]]
  ↳ app/controllers/cats_controller.rb:9
  Rendering cats/show.html.erb within layouts/application
  Rendered cats/show.html.erb within layouts/application (1.0ms)
Completed 200 OK in 35ms (Views: 32.6ms | ActiveRecord: 0.4ms)


Started GET "/cats/2" for 127.0.0.1 at 2018-11-13 15:43:16 -0800
Processing by CatsController#show as HTML
  Parameters: {"id"=>"2"}
  [1m[36mCat Load (0.4ms)[0m  [1m[34mSELECT  "cats".* FROM "cats" WHERE "cats"."id" = $1 LIMIT $2[0m  [["id", 2], ["LIMIT", 1]]
  ↳ app/controllers/cats_controller.rb:9
  Rendering cats/show.html.erb within layouts/application
  Rendered cats/show.html.erb within layouts/application (1.7ms)
Completed 200 OK in 45ms (Views: 43.1ms | ActiveRecord: 0.4ms)


Started GET "/cats/2" for 127.0.0.1 at 2018-11-13 15:43:17 -0800
Processing by CatsController#show as HTML
  Parameters: {"id"=>"2"}
  [1m[36mCat Load (0.5ms)[0m  [1m[34mSELECT  "cats".* FROM "cats" WHERE "cats"."id" = $1 LIMIT $2[0m  [["id", 2], ["LIMIT", 1]]
  ↳ app/controllers/cats_controller.rb:9
  Rendering cats/show.html.erb within layouts/application
  Rendered cats/show.html.erb within layouts/application (1.1ms)
Completed 200 OK in 30ms (Views: 27.4ms | ActiveRecord: 0.5ms)


Started GET "/cats/2" for 127.0.0.1 at 2018-11-13 15:43:29 -0800
Processing by CatsController#show as HTML
  Parameters: {"id"=>"2"}
  [1m[36mCat Load (0.9ms)[0m  [1m[34mSELECT  "cats".* FROM "cats" WHERE "cats"."id" = $1 LIMIT $2[0m  [["id", 2], ["LIMIT", 1]]
  ↳ app/controllers/cats_controller.rb:9
  Rendering cats/show.html.erb within layouts/application
  Rendered cats/show.html.erb within layouts/application (1.1ms)
Completed 200 OK in 39ms (Views: 35.3ms | ActiveRecord: 0.9ms)


Started GET "/cats/2" for 127.0.0.1 at 2018-11-13 15:43:29 -0800
Processing by CatsController#show as HTML
  Parameters: {"id"=>"2"}
  [1m[36mCat Load (0.3ms)[0m  [1m[34mSELECT  "cats".* FROM "cats" WHERE "cats"."id" = $1 LIMIT $2[0m  [["id", 2], ["LIMIT", 1]]
  ↳ app/controllers/cats_controller.rb:9
  Rendering cats/show.html.erb within layouts/application
  Rendered cats/show.html.erb within layouts/application (1.6ms)
Completed 200 OK in 32ms (Views: 30.1ms | ActiveRecord: 0.3ms)


Started GET "/cats/2" for 127.0.0.1 at 2018-11-13 15:44:50 -0800
Processing by CatsController#show as HTML
  Parameters: {"id"=>"2"}
  [1m[36mCat Load (0.4ms)[0m  [1m[34mSELECT  "cats".* FROM "cats" WHERE "cats"."id" = $1 LIMIT $2[0m  [["id", 2], ["LIMIT", 1]]
  ↳ app/controllers/cats_controller.rb:9
  Rendering cats/show.html.erb within layouts/application
  Rendered cats/show.html.erb within layouts/application (0.8ms)
Completed 200 OK in 84ms (Views: 82.2ms | ActiveRecord: 0.4ms)


Started GET "/cats/2" for 127.0.0.1 at 2018-11-13 15:45:04 -0800
Processing by CatsController#show as HTML
  Parameters: {"id"=>"2"}
  [1m[36mCat Load (0.3ms)[0m  [1m[34mSELECT  "cats".* FROM "cats" WHERE "cats"."id" = $1 LIMIT $2[0m  [["id", 2], ["LIMIT", 1]]
  ↳ app/controllers/cats_controller.rb:9
  Rendering cats/show.html.erb within layouts/application
  Rendered cats/show.html.erb within layouts/application (2.4ms)
Completed 200 OK in 53ms (Views: 51.6ms | ActiveRecord: 0.3ms)


Started GET "/cats/2/edit" for 127.0.0.1 at 2018-11-13 15:45:06 -0800
Processing by CatsController#edit as HTML
  Parameters: {"id"=>"2"}
  [1m[36mCat Load (0.8ms)[0m  [1m[34mSELECT  "cats".* FROM "cats" WHERE "cats"."id" = $1 LIMIT $2[0m  [["id", 2], ["LIMIT", 1]]
  ↳ app/controllers/cats_controller.rb:40
  Rendering cats/edit.html.erb within layouts/application
  Rendered cats/_form.html.erb (2.3ms)
  Rendered cats/edit.html.erb within layouts/application (5.4ms)
Completed 200 OK in 33ms (Views: 30.0ms | ActiveRecord: 0.8ms)


Started GET "/cats/2" for 127.0.0.1 at 2018-11-13 15:46:10 -0800
Processing by CatsController#show as HTML
  Parameters: {"id"=>"2"}
  [1m[36mCat Load (0.5ms)[0m  [1m[34mSELECT  "cats".* FROM "cats" WHERE "cats"."id" = $1 LIMIT $2[0m  [["id", 2], ["LIMIT", 1]]
  ↳ app/controllers/cats_controller.rb:9
  Rendering cats/show.html.erb within layouts/application
  Rendered cats/show.html.erb within layouts/application (0.8ms)
Completed 200 OK in 61ms (Views: 58.7ms | ActiveRecord: 0.5ms)


Started GET "/cats/2" for 127.0.0.1 at 2018-11-13 15:46:11 -0800
Processing by CatsController#show as HTML
  Parameters: {"id"=>"2"}
  [1m[36mCat Load (0.4ms)[0m  [1m[34mSELECT  "cats".* FROM "cats" WHERE "cats"."id" = $1 LIMIT $2[0m  [["id", 2], ["LIMIT", 1]]
  ↳ app/controllers/cats_controller.rb:9
  Rendering cats/show.html.erb within layouts/application
  Rendered cats/show.html.erb within layouts/application (0.8ms)
Completed 200 OK in 27ms (Views: 25.3ms | ActiveRecord: 0.4ms)


Started GET "/cats/2" for 127.0.0.1 at 2018-11-13 15:46:11 -0800
Processing by CatsController#show as HTML
  Parameters: {"id"=>"2"}
  [1m[36mCat Load (0.3ms)[0m  [1m[34mSELECT  "cats".* FROM "cats" WHERE "cats"."id" = $1 LIMIT $2[0m  [["id", 2], ["LIMIT", 1]]
  ↳ app/controllers/cats_controller.rb:9
  Rendering cats/show.html.erb within layouts/application
  Rendered cats/show.html.erb within layouts/application (1.0ms)
Completed 200 OK in 27ms (Views: 25.7ms | ActiveRecord: 0.3ms)


Started GET "/cats/2" for 127.0.0.1 at 2018-11-13 15:46:26 -0800
Processing by CatsController#show as HTML
  Parameters: {"id"=>"2"}
  [1m[36mCat Load (0.4ms)[0m  [1m[34mSELECT  "cats".* FROM "cats" WHERE "cats"."id" = $1 LIMIT $2[0m  [["id", 2], ["LIMIT", 1]]
  ↳ app/controllers/cats_controller.rb:9
  Rendering cats/show.html.erb within layouts/application
  Rendered cats/show.html.erb within layouts/application (1.0ms)
Completed 200 OK in 60ms (Views: 58.1ms | ActiveRecord: 0.4ms)


Started GET "/cats/2" for 127.0.0.1 at 2018-11-13 15:46:27 -0800
Processing by CatsController#show as HTML
  Parameters: {"id"=>"2"}
  [1m[36mCat Load (0.5ms)[0m  [1m[34mSELECT  "cats".* FROM "cats" WHERE "cats"."id" = $1 LIMIT $2[0m  [["id", 2], ["LIMIT", 1]]
  ↳ app/controllers/cats_controller.rb:9
  Rendering cats/show.html.erb within layouts/application
  Rendered cats/show.html.erb within layouts/application (0.9ms)
Completed 200 OK in 26ms (Views: 23.7ms | ActiveRecord: 0.5ms)


Started GET "/cats/2" for 127.0.0.1 at 2018-11-13 15:47:01 -0800
Processing by CatsController#show as HTML
  Parameters: {"id"=>"2"}
  [1m[36mCat Load (0.4ms)[0m  [1m[34mSELECT  "cats".* FROM "cats" WHERE "cats"."id" = $1 LIMIT $2[0m  [["id", 2], ["LIMIT", 1]]
  ↳ app/controllers/cats_controller.rb:9
  Rendering cats/show.html.erb within layouts/application
  Rendered cats/show.html.erb within layouts/application (0.9ms)
Completed 200 OK in 61ms (Views: 59.4ms | ActiveRecord: 0.4ms)


Started GET "/cats/2" for 127.0.0.1 at 2018-11-13 15:47:26 -0800
Processing by CatsController#show as HTML
  Parameters: {"id"=>"2"}
  [1m[36mCat Load (0.4ms)[0m  [1m[34mSELECT  "cats".* FROM "cats" WHERE "cats"."id" = $1 LIMIT $2[0m  [["id", 2], ["LIMIT", 1]]
  ↳ app/controllers/cats_controller.rb:9
  Rendering cats/show.html.erb within layouts/application
  Rendered cats/show.html.erb within layouts/application (1.7ms)
Completed 200 OK in 60ms (Views: 57.8ms | ActiveRecord: 0.4ms)


Started GET "/cats/" for 127.0.0.1 at 2018-11-13 15:47:33 -0800
Processing by CatsController#index as HTML
  Rendering cats/index.html.erb within layouts/application
  [1m[36mCat Load (1.2ms)[0m  [1m[34mSELECT "cats".* FROM "cats"[0m
  ↳ app/views/cats/index.html.erb:4
  Rendered cats/index.html.erb within layouts/application (3.6ms)
Completed 200 OK in 24ms (Views: 22.6ms | ActiveRecord: 1.2ms)


Started GET "/cats/3" for 127.0.0.1 at 2018-11-13 15:47:37 -0800
Processing by CatsController#show as HTML
  Parameters: {"id"=>"3"}
  [1m[36mCat Load (0.7ms)[0m  [1m[34mSELECT  "cats".* FROM "cats" WHERE "cats"."id" = $1 LIMIT $2[0m  [["id", 3], ["LIMIT", 1]]
  ↳ app/controllers/cats_controller.rb:9
  Rendering cats/show.html.erb within layouts/application
  Rendered cats/show.html.erb within layouts/application (1.0ms)
Completed 200 OK in 29ms (Views: 26.2ms | ActiveRecord: 0.7ms)


Started GET "/cats/3/edit" for 127.0.0.1 at 2018-11-13 15:47:37 -0800
Processing by CatsController#edit as HTML
  Parameters: {"id"=>"3"}
  [1m[36mCat Load (1.2ms)[0m  [1m[34mSELECT  "cats".* FROM "cats" WHERE "cats"."id" = $1 LIMIT $2[0m  [["id", 3], ["LIMIT", 1]]
  ↳ app/controllers/cats_controller.rb:40
  Rendering cats/edit.html.erb within layouts/application
  Rendered cats/_form.html.erb (1.2ms)
  Rendered cats/edit.html.erb within layouts/application (4.3ms)
Completed 200 OK in 32ms (Views: 29.4ms | ActiveRecord: 1.2ms)


Started GET "/cats/3/edit" for 127.0.0.1 at 2018-11-13 15:47:39 -0800
Processing by CatsController#edit as HTML
  Parameters: {"id"=>"3"}
  [1m[36mCat Load (1.9ms)[0m  [1m[34mSELECT  "cats".* FROM "cats" WHERE "cats"."id" = $1 LIMIT $2[0m  [["id", 3], ["LIMIT", 1]]
  ↳ app/controllers/cats_controller.rb:40
  Rendering cats/edit.html.erb within layouts/application
  Rendered cats/_form.html.erb (1.8ms)
  Rendered cats/edit.html.erb within layouts/application (5.8ms)
Completed 200 OK in 40ms (Views: 36.6ms | ActiveRecord: 1.9ms)


Started GET "/cats/2" for 127.0.0.1 at 2018-11-13 15:47:44 -0800
Processing by CatsController#show as HTML
  Parameters: {"id"=>"2"}
  [1m[36mCat Load (0.5ms)[0m  [1m[34mSELECT  "cats".* FROM "cats" WHERE "cats"."id" = $1 LIMIT $2[0m  [["id", 2], ["LIMIT", 1]]
  ↳ app/controllers/cats_controller.rb:9
  Rendering cats/show.html.erb within layouts/application
  Rendered cats/show.html.erb within layouts/application (0.9ms)
Completed 200 OK in 28ms (Views: 26.0ms | ActiveRecord: 0.5ms)


Started GET "/cats/3" for 127.0.0.1 at 2018-11-13 15:47:46 -0800
Processing by CatsController#show as HTML
  Parameters: {"id"=>"3"}
  [1m[36mCat Load (1.3ms)[0m  [1m[34mSELECT  "cats".* FROM "cats" WHERE "cats"."id" = $1 LIMIT $2[0m  [["id", 3], ["LIMIT", 1]]
  ↳ app/controllers/cats_controller.rb:9
  Rendering cats/show.html.erb within layouts/application
  Rendered cats/show.html.erb within layouts/application (1.2ms)
Completed 200 OK in 30ms (Views: 25.5ms | ActiveRecord: 1.3ms)


Started GET "/cats" for 127.0.0.1 at 2018-11-13 15:47:56 -0800
Processing by CatsController#index as HTML
  Rendering cats/index.html.erb within layouts/application
  [1m[36mCat Load (0.5ms)[0m  [1m[34mSELECT "cats".* FROM "cats"[0m
  ↳ app/views/cats/index.html.erb:4
  Rendered cats/index.html.erb within layouts/application (2.3ms)
Completed 200 OK in 26ms (Views: 24.9ms | ActiveRecord: 0.5ms)


Started GET "/cats/2" for 127.0.0.1 at 2018-11-13 15:47:57 -0800
Processing by CatsController#show as HTML
  Parameters: {"id"=>"2"}
  [1m[36mCat Load (0.4ms)[0m  [1m[34mSELECT  "cats".* FROM "cats" WHERE "cats"."id" = $1 LIMIT $2[0m  [["id", 2], ["LIMIT", 1]]
  ↳ app/controllers/cats_controller.rb:9
  Rendering cats/show.html.erb within layouts/application
  Rendered cats/show.html.erb within layouts/application (0.9ms)
Completed 200 OK in 25ms (Views: 22.7ms | ActiveRecord: 0.4ms)


Started GET "/cats" for 127.0.0.1 at 2018-11-13 15:47:57 -0800
Processing by CatsController#index as HTML
  Rendering cats/index.html.erb within layouts/application
  [1m[36mCat Load (0.6ms)[0m  [1m[34mSELECT "cats".* FROM "cats"[0m
  ↳ app/views/cats/index.html.erb:4
  Rendered cats/index.html.erb within layouts/application (2.6ms)
Completed 200 OK in 27ms (Views: 25.5ms | ActiveRecord: 0.6ms)


Started GET "/cats/" for 127.0.0.1 at 2018-11-13 15:48:01 -0800
Processing by CatsController#index as HTML
  Rendering cats/index.html.erb within layouts/application
  [1m[36mCat Load (0.7ms)[0m  [1m[34mSELECT "cats".* FROM "cats"[0m
  ↳ app/views/cats/index.html.erb:4
  Rendered cats/index.html.erb within layouts/application (2.6ms)
Completed 200 OK in 29ms (Views: 27.4ms | ActiveRecord: 0.7ms)


